C51 COMPILER V9.56.0.0   4_LED7                                                            11/03/2017 10:52:59 PAGE 1   


C51 COMPILER V9.56.0.0, COMPILATION OF MODULE 4_LED7
OBJECT MODULE PLACED IN 4_led7.OBJ
COMPILER INVOKED BY: C:\Keil_v5\C51\BIN\C51.EXE 4_led7.c OPTIMIZE(8,SPEED) BROWSE DEBUG OBJECTEXTEND TABS(5)

line level    source

   1          #include <at89x52.h>
   2          
   3          #define data_led7 P1
   4          
   5          #define Aled1       P3_0
   6          #define Aled2       P3_1
   7          #define Aled3       P3_2
   8          #define Aled4       P3_3
   9          
  10          #define key         P3_7
  11          unsigned char led1,led2,led3,led4;
  12          bit flag;
  13          int count;
  14          
  15          void delay_1ms(){
  16   1           TH1=0xFB;
  17   1           TL1=0x00;
  18   1           TR1=1;
  19   1           while(1){
  20   2           if(TF1==1) break;
  21   2           }
  22   1           TR1=0;
  23   1           TF1=0;
  24   1      }
  25          void delay(unsigned char t){
  26   1           int i;
  27   1           for(i=0;i<t;i++)
  28   1           delay_1ms();
  29   1      }
  30          
  31          void delay_us(int x) {
  32   1      int i;
  33   1      for (i=0;i<x;i++) {}
  34   1      }
  35          
  36          void convert_bcd( int x)
  37          {
  38   1      int temp2;
  39   1           temp2 = x;
  40   1           led4      = temp2 / 1000;
  41   1           temp2     = temp2 % 1000;
  42   1           led3      = temp2 / 100;
  43   1           temp2     = temp2 % 100;
  44   1           led2      = temp2 / 10;
  45   1           led1      = temp2 % 10;
  46   1      }
  47          
  48          //-----------HIEN THI LED--------------
  49          void display()
  50          {
  51   1      unsigned char code maled7[] = {0xC0,0xF9,0xA4,0xB0,0x99,0x92,0x82,0xF8,0x80,0x90,
  52   1                                            0x88,0x83,0xC6,0xA1,0x86,0x8E,0xFF};
  53   1      
  54   1           data_led7 = maled7[led1];   Aled1 = 0; delay_us(50); if(key==0) flag = 1;  Aled1 = 1;
  55   1           data_led7 = maled7[led2];     Aled2 = 0; delay_us(50); Aled2 = 1;
C51 COMPILER V9.56.0.0   4_LED7                                                            11/03/2017 10:52:59 PAGE 2   

  56   1           data_led7 = maled7[led3];     Aled3 = 0; delay_us(50); Aled3 = 1;
  57   1           data_led7 = maled7[led4];     Aled4 = 0; delay_us(50); Aled4 = 1;
  58   1      }
  59          
  60          void main()
  61          {
  62   1      unsigned char dem;
  63   1      P1 = 0xff;
  64   1      P3 = 0xff;
  65   1      count = 0;
  66   1      convert_bcd(count);
  67   1      
  68   1           while(1) 
  69   1           {
  70   2                convert_bcd(dem);
  71   2                display();
  72   2           //   while (key);
  73   2           //   while (!key);
  74   2                if (flag == 1) {flag = 0;count++;}
  75   2                if (count == 15) {dem++;count = 0;}
  76   2      
  77   2           }
  78   1      }


MODULE INFORMATION:   STATIC OVERLAYABLE
   CODE SIZE        =    278    ----
   CONSTANT SIZE    =     17    ----
   XDATA SIZE       =   ----    ----
   PDATA SIZE       =   ----    ----
   DATA SIZE        =      6       1
   IDATA SIZE       =   ----    ----
   BIT SIZE         =      1    ----
END OF MODULE INFORMATION.


C51 COMPILATION COMPLETE.  0 WARNING(S),  0 ERROR(S)
