C51 COMPILER V9.56.0.0   INTERRUPT_2_BUTTONS                                               11/17/2017 14:56:49 PAGE 1   


C51 COMPILER V9.56.0.0, COMPILATION OF MODULE INTERRUPT_2_BUTTONS
OBJECT MODULE PLACED IN .\Objects\Interrupt_2_buttons.obj
COMPILER INVOKED BY: C:\Keil_v5\C51\BIN\C51.EXE Interrupt_2_buttons.c OPTIMIZE(8,SPEED) BROWSE DEBUG OBJECTEXTEND PRINT(
                    -.\Listings\Interrupt_2_buttons.lst) TABS(5) OBJECT(.\Objects\Interrupt_2_buttons.obj)

line level    source

   1          //led 7 segs with up and down buttons
   2          
   3          #include <reg52.h>
   4          
   5          void delay_ms(unsigned int t) {
   6   1           unsigned int x, y;
   7   1           for (x = 0; x < t; x++)
   8   1                for (y = 0; y < 123; y++);
   9   1      }
  10          
  11          sbit s1 = P2^6;
  12          sbit s2 = P2^7;
  13          unsigned char i, j, a[10] = {0x40, 0x79, 0x24, 0x30, 0x19, 0x12, 0x02, 0x78, 0x00, 0x10};
  14          main() {
  15   1           IE = 0x85;// enable externainterupo 0 and 1
  16   1           IT0 = 1;
  17   1           IT1 = 1;
  18   1           while(1) {
  19   2                if(i > 99 || i < 0) i = 0;
  20   2                delay_ms(1);
  21   2                     P1 = a[i%10];
  22   2                     s1 = 0; delay_ms(1); s1 = 1;
  23   2                     P1 = a[i/10];
  24   2                     s2 = 0; delay_ms(1); s2 = 1;
  25   2           }         
  26   1      }
  27          void up(void) interrupt 0 {
  28   1           i++;
  29   1      }
  30          void down(void) interrupt 2 {
  31   1           i--;
  32   1      }


MODULE INFORMATION:   STATIC OVERLAYABLE
   CODE SIZE        =    111    ----
   CONSTANT SIZE    =   ----    ----
   XDATA SIZE       =   ----    ----
   PDATA SIZE       =   ----    ----
   DATA SIZE        =     12    ----
   IDATA SIZE       =   ----    ----
   BIT SIZE         =   ----    ----
END OF MODULE INFORMATION.


C51 COMPILATION COMPLETE.  0 WARNING(S),  0 ERROR(S)
