C51 COMPILER V9.56.0.0   INTERRUPTEXTERNAL1                                                11/13/2017 22:16:24 PAGE 1   


C51 COMPILER V9.56.0.0, COMPILATION OF MODULE INTERRUPTEXTERNAL1
OBJECT MODULE PLACED IN .\Objects\InterruptExternal1.obj
COMPILER INVOKED BY: C:\Keil_v5\C51\BIN\C51.EXE InterruptExternal1.c OPTIMIZE(8,SPEED) BROWSE DEBUG OBJECTEXTEND PRINT(.
                    -\Listings\InterruptExternal1.lst) TABS(5) OBJECT(.\Objects\InterruptExternal1.obj)

line level    source

   1          // NGAT THEO MUC
   2          
   3          #include <reg52.h>
   4          #include "..\..\LIBRARY\delay.h"
   5          
   6          sbit button = P3^2;
   7          sbit led = P0^0;
   8          void delay(unsigned int t) {
   9   1           while (t--) {
  10   2                TH0 = 0xFC;
  11   2                TL0 = 0x18;
  12   2                TR0 = 1;
  13   2                while(TF0 = 0);
*** WARNING C276 IN LINE 13 OF InterruptExternal1.c: constant in condition expression
  14   2                TF0 = 0;
  15   2                TR0 = 0;
  16   2           }
  17   1      }
  18               
  19          main() {
  20   1           EX0 = 1; //NGAT NGOAI 0
  21   1           EA = 1; //CHO NGAT TOAN BO
  22   1           while (1) {
  23   2                P1 = 0;
  24   2                delay(100000);
  25   2                P1 = 0xFF;
  26   2                delay(100000);
  27   2           }
  28   1      }
  29          
  30          void ExternalInterrupt(void) interrupt 0 {
  31   1           led = 0;
  32   1           delay_ms(1000); //delay 5s
  33   1           led = 1;
  34   1      }


MODULE INFORMATION:   STATIC OVERLAYABLE
   CODE SIZE        =    121    ----
   CONSTANT SIZE    =   ----    ----
   XDATA SIZE       =   ----    ----
   PDATA SIZE       =   ----    ----
   DATA SIZE        =   ----    ----
   IDATA SIZE       =   ----    ----
   BIT SIZE         =   ----    ----
END OF MODULE INFORMATION.


C51 COMPILATION COMPLETE.  1 WARNING(S),  0 ERROR(S)
