C51 COMPILER V9.56.0.0   INTERRUPTEXTERNAL1_2                                              11/13/2017 21:38:06 PAGE 1   


C51 COMPILER V9.56.0.0, COMPILATION OF MODULE INTERRUPTEXTERNAL1_2
OBJECT MODULE PLACED IN .\Objects\InterruptExternal1_2.obj
COMPILER INVOKED BY: C:\Keil_v5\C51\BIN\C51.EXE InterruptExternal1_2.c OPTIMIZE(8,SPEED) BROWSE DEBUG OBJECTEXTEND PRINT
                    -(.\Listings\InterruptExternal1_2.lst) TABS(5) OBJECT(.\Objects\InterruptExternal1_2.obj)

line level    source

   1          // NGAT THEO SUON
   2          #include <reg52.h>
   3          #include "..\..\LIBRARY\delay.h"
   4          
   5          sbit button = P2^0;
   6          sbit led = P0^0;
   7          void delay(unsigned int t) {
   8   1           while (t--) {
   9   2                TH0 = 0xFC;
  10   2                TL0 = 0x18;
  11   2                TR0 = 1;
  12   2                while(TF0 = 0);
*** WARNING C276 IN LINE 12 OF InterruptExternal1_2.c: constant in condition expression
  13   2                TF0 = 0;
  14   2                TR0 = 0;
  15   2           }
  16   1      }
  17               
  18          main() {
  19   1           EX0 = 1; //NGAT NGOAI 0
  20   1           IT0 = 1; // NGAT THEO SUON
  21   1           EA = 1; //CHO NGAT TOAN BO
  22   1           while (1) {
  23   2                P1 = 0;
  24   2                delay(100000);
  25   2                P1 = 0xFF;
  26   2                delay(100000);
  27   2           }
  28   1      }
  29          
  30          void ExternalInterrupt(void) interrupt 0 {
  31   1           led = 0;
  32   1           delay_ms(5000); //delay 5s
  33   1           led = 1;
  34   1      }


MODULE INFORMATION:   STATIC OVERLAYABLE
   CODE SIZE        =    123    ----
   CONSTANT SIZE    =   ----    ----
   XDATA SIZE       =   ----    ----
   PDATA SIZE       =   ----    ----
   DATA SIZE        =   ----    ----
   IDATA SIZE       =   ----    ----
   BIT SIZE         =   ----    ----
END OF MODULE INFORMATION.


C51 COMPILATION COMPLETE.  1 WARNING(S),  0 ERROR(S)
