C51 COMPILER V9.56.0.0   RECEIVE                                                           11/06/2017 12:44:58 PAGE 1   


C51 COMPILER V9.56.0.0, COMPILATION OF MODULE RECEIVE
OBJECT MODULE PLACED IN .\Objects\Receive.obj
COMPILER INVOKED BY: C:\Keil_v5\C51\BIN\C51.EXE Receive.c OPTIMIZE(8,SPEED) BROWSE DEBUG OBJECTEXTEND PRINT(.\Listings\R
                    -eceive.lst) TABS(5) OBJECT(.\Objects\Receive.obj)

line level    source

   1          //Receive a character
   2          #include <reg52.h>
   3          unsigned char c, a[10] = {0x40, 0x79, 0x24, 0x30, 0x19, 0x12, 0x02, 0x78, 0x00, 0x10};
   4          main()                                               
   5          {
   6   1             TMOD=0x20;                   
   7   1             TH1=0xFD;           
   8   1             SCON=0x50;                              
   9   1             TR1=1;                
  10   1             while(1) {
  11   2                  while(RI==1) {                       
  12   3                       c=SBUF;        
  13   3                       RI=0;           
  14   3                  }                     
  15   2                  switch(c) {           
  16   3                     case '0':
  17   3                          P1 = a[0];
  18   3                          break;
  19   3                     case '1':
  20   3                          P1 = a[1];
  21   3                          break;
  22   3                     case '2':
  23   3                          P1 = a[2];
  24   3                          break;
  25   3                     case '3':
  26   3                          P1 = a[3];
  27   3                          break;
  28   3                     case '4':
  29   3                          P1 = a[4];
  30   3                          break;
  31   3                     case '5':
  32   3                          P1 = a[5];
  33   3                          break;
  34   3                     case '6':
  35   3                          P1 = a[6];
  36   3                          break;
  37   3                     case '7':
  38   3                          P1 = a[7];
  39   3                          break;
  40   3                     case '8':
  41   3                          P1 = a[8];
  42   3                          break;
  43   3                     case '9':
  44   3                          P1 = a[9];
  45   3                          break;
  46   3                     default:                     
  47   3                          P1 = 0xFF;
  48   3                          break;
  49   3                     }
  50   2             }
  51   1      }


MODULE INFORMATION:   STATIC OVERLAYABLE
C51 COMPILER V9.56.0.0   RECEIVE                                                           11/06/2017 12:44:58 PAGE 2   

   CODE SIZE        =    129    ----
   CONSTANT SIZE    =   ----    ----
   XDATA SIZE       =   ----    ----
   PDATA SIZE       =   ----    ----
   DATA SIZE        =     11    ----
   IDATA SIZE       =   ----    ----
   BIT SIZE         =   ----    ----
END OF MODULE INFORMATION.


C51 COMPILATION COMPLETE.  0 WARNING(S),  0 ERROR(S)
