C51 COMPILER V9.01   MAIN                                                                  06/21/2015 01:59:40 PAGE 1   


C51 COMPILER V9.01, COMPILATION OF MODULE MAIN
OBJECT MODULE PLACED IN main.OBJ
COMPILER INVOKED BY: C:\Keil\C51\BIN\C51.EXE main.c BROWSE DEBUG OBJECTEXTEND

line level    source

   1          #include<regx52.h>
   2          
   3          sbit PWM_PIN = P2^0;
   4          
   5          unsigned int T, Ton, Toff;
   6          unsigned char Ton_h_reload, Ton_l_reload, Toff_h_reload, Toff_l_reload;
   7          
   8          // ck (us)
   9          void PWM_Init(unsigned int ck)
  10          {
  11   1              PWM_PIN = 1;
  12   1              
  13   1              TMOD &= 0xF0;           // Xoa di cac bit chon mode cua Timer0
  14   1              TMOD |= 0x01;           // Timer0 hoat dong o mode 1
  15   1              
  16   1              ET0 = 1;                        // Cho phep ngat Timer0
  17   1              EA = 1;                         // Cho phep ngat toan cuc
  18   1              
  19   1              T  = ck;
  20   1              Ton = T/2;                      // Duty Cycle = 50%
  21   1              Toff = T - Ton;
  22   1      
  23   1              Ton_h_reload = (65536-Ton)>>8;
  24   1              Ton_l_reload = (65536-Ton)&0x00FF;
  25   1      
  26   1              Toff_h_reload = (65536-Toff)>>8;
  27   1              Toff_l_reload = (65536-Toff)&0x00FF;
  28   1              
  29   1              TH0 = Ton_h_reload;
  30   1              TL0 = Ton_l_reload;     
  31   1      }
  32          
  33          void PWM_Start()
  34          {
  35   1              TR0 = 1;                        // Timer0 bat dau dem
  36   1      }
  37          
  38          void PWM_Stop()
  39          {
  40   1              TR0 = 0;                        // Timer0 ngung dem
  41   1      }
  42          
  43          // duty: 0 den 100
  44          void PWM_Set_Duty(unsigned char duty)
  45          {
  46   1              if(duty == 0)
  47   1              {
  48   2                      PWM_PIN = 0;
  49   2                      ET0 = 0;
  50   2              }
  51   1              else if(duty == 100)
  52   1              {
  53   2                      PWM_PIN = 1;
  54   2                      ET0 = 0;
  55   2              }
C51 COMPILER V9.01   MAIN                                                                  06/21/2015 01:59:40 PAGE 2   

  56   1              else
  57   1              {
  58   2                      Ton = ((unsigned long)T)*duty/100;
  59   2                      Toff = T - Ton;
  60   2              
  61   2                      Ton_h_reload = (65536-Ton)>>8;
  62   2                      Ton_l_reload = (65536-Ton)&0x00FF;
  63   2              
  64   2                      Toff_h_reload = (65536-Toff)>>8;
  65   2                      Toff_l_reload = (65536-Toff)&0x00FF;
  66   2      
  67   2                      ET0 = 1;
  68   2              }
  69   1      }
  70          
  71          void main()
  72          {
  73   1              PWM_Init(1000);         // T = 1000us = 1ms
  74   1      
  75   1              PWM_Set_Duty(99);
  76   1              PWM_Start();
  77   1      
  78   1              while(1)
  79   1              {
  80   2      
  81   2              }
  82   1      }
  83          
  84          void Timer0Overflow() interrupt  1
  85          {
  86   1              PWM_PIN = !PWM_PIN;
  87   1              if(PWM_PIN==0)
  88   1              {
  89   2                      TH0 = Toff_h_reload;
  90   2                      TL0 = Toff_l_reload;
  91   2              }
  92   1              else
  93   1              {
  94   2                      TH0 = Ton_h_reload;
  95   2                      TL0 = Ton_l_reload;
  96   2              }
  97   1      }
  98          
  99          
 100          
 101          


MODULE INFORMATION:   STATIC OVERLAYABLE
   CODE SIZE        =    287    ----
   CONSTANT SIZE    =   ----    ----
   XDATA SIZE       =   ----    ----
   PDATA SIZE       =   ----    ----
   DATA SIZE        =     10    ----
   IDATA SIZE       =   ----    ----
   BIT SIZE         =   ----    ----
END OF MODULE INFORMATION.


C51 COMPILATION COMPLETE.  0 WARNING(S),  0 ERROR(S)
