C51 COMPILER V9.56.0.0   2_BUTTONS                                                         11/14/2017 21:54:00 PAGE 1   


C51 COMPILER V9.56.0.0, COMPILATION OF MODULE 2_BUTTONS
OBJECT MODULE PLACED IN .\Objects\2_BUTTONS.obj
COMPILER INVOKED BY: C:\Keil_v5\C51\BIN\C51.EXE 2_BUTTONS.c OPTIMIZE(8,SPEED) BROWSE DEBUG OBJECTEXTEND PRINT(.\Listings
                    -\2_BUTTONS.lst) TABS(5) OBJECT(.\Objects\2_BUTTONS.obj)

line level    source

   1          
   2          #include<reg52.h>
   3          sbit BUTTON1        = P2^0;
   4          sbit BUTTON2        = P2^1;
   5          sbit LED    = P0^0; 
   6          sbit L7S1   = P2^6;
   7          sbit L7S2   = P2^7;
   8          unsigned char LED7SEG[10] = {0xC0,0xF9,0xA4,0xB0,0x99,0x92,0x82,0xF8,0x80,0x90};
   9          void Delay_ms(unsigned int t)
  10          {    
  11   1      unsigned int x,y;
  12   1            for(x=0;x<t;x++)
  13   1            {
  14   2               for(y=0;y<123;y++);
  15   2            }   
  16   1      }
  17          void Delay( int i ){
  18   1                          L7S1 = 0;
  19   1                          L7S2 = 1;
  20   1                          P1 = LED7SEG[i%10];
  21   1                          Delay_ms(10);
  22   1                          L7S2 = 0;
  23   1                          L7S1 = 1;
  24   1                          P1 = LED7SEG[i/10];
  25   1                          Delay_ms(10);
  26   1      }
  27           main ()
  28          {
  29   1           int i = 0;
  30   1           P1 = LED7SEG[0];
  31   1           LED = 0xFF;
  32   1           while(1){
  33   2                Delay(i);
  34   2                if(BUTTON1  ==  0){
  35   3                     while(BUTTON1 == 0)
  36   3                     {
  37   4                          Delay(i);
  38   4                     }
  39   3                     i++;
  40   3                     Delay(i);
  41   3                     LED = 0x00;
  42   3                     if(i > 99){
  43   4                          i = 99;
  44   4                     }
  45   3                     }
  46   2           if(BUTTON2 ==  0){
  47   3                     while(BUTTON2 == 0){
  48   4                          Delay(i);
  49   4                }
  50   3                     i--;
  51   3                     Delay(i);
  52   3                     LED = 0xFF;
  53   3                     if( i < 0 ) {
  54   4                          i = 0;
C51 COMPILER V9.56.0.0   2_BUTTONS                                                         11/14/2017 21:54:00 PAGE 2   

  55   4                     }
  56   3                     }
  57   2                if((i>0) && (i%5 == 0)){
  58   3                          LED  = 0xFF;
  59   3                          Delay_ms(10);
  60   3                          LED = 0x00;
  61   3                }
  62   2           }
  63   1      
  64   1      }


MODULE INFORMATION:   STATIC OVERLAYABLE
   CODE SIZE        =    217    ----
   CONSTANT SIZE    =   ----    ----
   XDATA SIZE       =   ----    ----
   PDATA SIZE       =   ----    ----
   DATA SIZE        =     10       2
   IDATA SIZE       =   ----    ----
   BIT SIZE         =   ----    ----
END OF MODULE INFORMATION.


C51 COMPILATION COMPLETE.  0 WARNING(S),  0 ERROR(S)
