C51 COMPILER V9.56.0.0   BUTTON_LED_7_SEG_3                                                11/14/2017 21:56:54 PAGE 1   


C51 COMPILER V9.56.0.0, COMPILATION OF MODULE BUTTON_LED_7_SEG_3
OBJECT MODULE PLACED IN .\Objects\button_led_7_seg_3.obj
COMPILER INVOKED BY: C:\Keil_v5\C51\BIN\C51.EXE button_led_7_seg_3.c OPTIMIZE(8,SPEED) BROWSE DEBUG OBJECTEXTEND PRINT(.
                    -\Listings\button_led_7_seg_3.lst) TABS(5) OBJECT(.\Objects\button_led_7_seg_3.obj)

line level    source

   1          //led 7 seg voi up and down button
   2          #include <reg52.h>
   3          #include "..\..\LIBRARY\delay.h"
   4          
   5          sbit led = P0^0;
   6          sbit up = P2^0;
   7          sbit down = P2^1;
   8          sbit s1 = P2^6;
   9          sbit s2 = P2^7;
  10          
  11          main() {
  12   1           unsigned char i = 0, j, a[10] = {0x40, 0x79, 0x24, 0x30, 0x19, 0x12, 0x02, 0x78, 0x00, 0x10};
  13   1           while (1) {    
  14   2                if (up == 0) {
  15   3                     for (j = 0; j < 20; j++) {
  16   4                          delay_ms(1);
  17   4                          if (up == 0) {
  18   5                               led = 0;
  19   5                               i++;
  20   5                               if (i == 100) i = 0;
  21   5                               do {} while (up == 0);
  22   5                          }
  23   4                     }
  24   3                }
  25   2                if (down == 0) {
  26   3                     for (j = 0; j < 20; j++) {
  27   4                          delay_ms(1);
  28   4                          if (down == 0) {
  29   5                               led = 0;
  30   5                               i--;
  31   5                               do {} while (down == 0);
  32   5                          }
  33   4                     }
  34   3                }
  35   2                led = 1;
  36   2                P1 = a[i%10];
  37   2                s1 = 0; delay_ms(1); s1 = 1;
  38   2                P1 = a[i/10];
  39   2                s2 = 0; delay_ms(1); s2 = 1;
  40   2                }    
  41   1      }


MODULE INFORMATION:   STATIC OVERLAYABLE
   CODE SIZE        =    144    ----
   CONSTANT SIZE    =     10    ----
   XDATA SIZE       =   ----    ----
   PDATA SIZE       =   ----    ----
   DATA SIZE        =   ----      12
   IDATA SIZE       =   ----    ----
   BIT SIZE         =   ----    ----
END OF MODULE INFORMATION.


C51 COMPILATION COMPLETE.  0 WARNING(S),  0 ERROR(S)
