C51 COMPILER V9.56.0.0   LED_HEART                                                         10/15/2017 20:27:19 PAGE 1   


C51 COMPILER V9.56.0.0, COMPILATION OF MODULE LED_HEART
OBJECT MODULE PLACED IN .\Objects\led_heart.obj
COMPILER INVOKED BY: C:\Keil_v5\C51\BIN\C51.EXE led_heart.c OPTIMIZE(8,SPEED) BROWSE DEBUG OBJECTEXTEND PRINT(.\Listings
                    -\led_heart.lst) TABS(5) OBJECT(.\Objects\led_heart.obj)

line level    source

   1          #include<reg52.h>
   2          
   3          void delay(int time){
   4   1           while (time--);
   5   1      }
   6          void blink() {
   7   1           P0=P1=P2=P3=0;
   8   1           delay(10000);
   9   1           P0=P1=P2=P3=0xFF;
  10   1           delay(10000);
  11   1      }
  12          main() {
  13   1           while(1) {
  14   2                blink();
  15   2           }
  16   1      }


MODULE INFORMATION:   STATIC OVERLAYABLE
   CODE SIZE        =     51    ----
   CONSTANT SIZE    =   ----    ----
   XDATA SIZE       =   ----    ----
   PDATA SIZE       =   ----    ----
   DATA SIZE        =   ----    ----
   IDATA SIZE       =   ----    ----
   BIT SIZE         =   ----    ----
END OF MODULE INFORMATION.


C51 COMPILATION COMPLETE.  0 WARNING(S),  0 ERROR(S)
