C51 COMPILER V9.52.0.0   MAIN                                                              12/29/2017 22:02:44 PAGE 1   


C51 COMPILER V9.52.0.0, COMPILATION OF MODULE MAIN
OBJECT MODULE PLACED IN main.OBJ
COMPILER INVOKED BY: C:\Keil\C51\BIN\C51.EXE main.c OMF2 BROWSE DEBUG TABS(2)

line level    source

   1          #include "regx52.h"
   2          #include "Library\RFID.h"
   3          #include "Library\LCD16x2.h"
   4          #include "Library\I2C.h"
   5          
   6          
   7          //sbit BUZ  = P1^1;
   8          sbit LCD_LED = P0^6;
   9          sbit DOOR    = P0^7;
  10          
  11          sbit KEY_COT1  = P3^0;
  12          sbit KEY_COT2  = P3^1;
  13          sbit KEY_COT3  = P3^2;
  14          sbit KEY_HANG1 = P3^3;
  15          sbit KEY_HANG2 = P3^4;
  16          sbit KEY_HANG3 = P3^5;
  17          sbit KEY_HANG4 = P3^6;
  18          
  19          #define KEYTIME 80
  20          
  21          unsigned int  DocPhim;
  22          unsigned char Mode, Dem, Doi, Key;
  23          unsigned char KetQua1, KetQua2;
  24          unsigned char GioiHan = 0, SaiMK = 0;
  25          
  26          unsigned char idata MatKhauCu[8];
  27          unsigned char idata MatKhauMoi[8];
  28          unsigned char idata LuuPhim[8];
  29          unsigned char idata UID[5];
  30          //Thay doi so ID card o day
  31          unsigned char idata Card1[] = {0x40, 0xAC, 0x53, 0x7E, 0xC1};
  32          unsigned char idata Card2[] = {0x57, 0xDB, 0x5D, 0x59, 0x88};
  33          unsigned char idata Card3[] = {0x14, 0xA9, 0xDF, 0x59, 0x3B};
  34          
  35          void Delay_ms(unsigned int time)
  36          {
  37   1        unsigned int x, y;
  38   1        
  39   1        for(x = 0; x < time; x++)
  40   1        {
  41   2          for(y = 0; y < 124; y++)
  42   2          {
  43   3          }
  44   2        }
  45   1      }//_______________________________________________________________________________________________________
             -______________________
  46          //    Ham giao tiep Eeprom
  47          bit Check_Eeprom()
  48          {
  49   1        bit AckTemp = 0;
  50   1        I2c_Start();
  51   1        I2c_Write(0xa0);
  52   1        AckTemp = I2c_CheckAck();
  53   1        if(AckTemp == 1) return 0;
  54   1        else return 1;
C51 COMPILER V9.52.0.0   MAIN                                                              12/29/2017 22:02:44 PAGE 2   

  55   1      }
  56          void Eeprom24C_Write(unsigned char address,unsigned char Data)
  57          {
  58   1        bit AckTemp = 1;
  59   1        I2c_Start();
  60   1        I2c_Write(0xa0);
  61   1        AckTemp = I2c_CheckAck();
  62   1        I2c_Write(address);             
  63   1        AckTemp = I2c_CheckAck();
  64   1        I2c_Write(Data);           
  65   1        AckTemp = I2c_CheckAck();
  66   1        I2c_Stop();
  67   1        Delay_ms(100);
  68   1      }
  69          
  70          unsigned char Eeprom24C_Read(unsigned char address)
  71          {
  72   1        bit AckTemp = 1;
  73   1        unsigned char Data;
  74   1        
  75   1        I2c_Start();
  76   1        I2c_Write(0xa0);
  77   1        AckTemp = I2c_CheckAck();
  78   1        I2c_Write(address);
  79   1        AckTemp = I2c_CheckAck();
  80   1        I2c_Start();
  81   1        I2c_Write(0xa1);
  82   1        AckTemp = I2c_CheckAck();
  83   1        Data=I2c_Read();
  84   1        AckTemp = I2c_CheckAck();
  85   1        I2c_Stop();
  86   1        return Data;
  87   1      }
  88          
  89          void Eeprom24C_WriteS(unsigned char address, unsigned char *s)
  90          {
  91   1        while(*s)
  92   1        {
  93   2          Eeprom24C_Write(address++, *s);
  94   2          s++;
  95   2        }
  96   1      }
  97          void Eeprom24C_ReadS(unsigned char address, unsigned char lenght, unsigned char *s)
  98          {
  99   1        unsigned char  i = 0;
 100   1        while(lenght)
 101   1        {
 102   2          s[i++] = Eeprom24C_Read(address++);
 103   2          lenght--;
 104   2        }
 105   1        s[++i] = 0;
 106   1      }//_______________________________________________________________________________________________________
             -___________
 107          void KhoiTao_Timer(void)    // Khoi tao timer
 108          {
 109   1        TMOD = 0x02;  // Chon che do 2 cho timer 0 ( Thanh ghi TMOD = 00000010 ) 
 110   1        EA = 1;       // cho phep ngat toan cuc 
 111   1        ET0 = 1;      // cho phep ngat T0 
 112   1        TF0 = 0;
 113   1        TR0 = 1;
 114   1      }
 115          //________________________________________________________________________________________________________
C51 COMPILER V9.52.0.0   MAIN                                                              12/29/2017 22:02:44 PAGE 3   

             -__________
 116          void Xoa_Mang()
 117          {
 118   1        unsigned char a;
 119   1      
 120   1        GioiHan = 0;
 121   1        for(a = 0; a < 8; a++)
 122   1        {
 123   2          LuuPhim[a] = 'n';
 124   2        }
 125   1      }//_______________________________________________________________________________________________________
             -____________
 126          void Clear_Data()
 127          {
 128   1        Xoa_Mang();
 129   1        Dem = 0;
 130   1        Doi = 0;
 131   1        Mode = 0;
 132   1        KetQua1 = 0;
 133   1        LCD_Clear();
 134   1      }//_______________________________________________________________________________________________________
             -_______________________________________
 135          unsigned char KeyPress()
 136          {
 137   1        unsigned char key = 0;
 138   1      
 139   1        KEY_COT1 = 0; // cot 1 = 0
 140   1      // Kiem tra lan luot cac HANG
 141   1        if(KEY_HANG1 == 0)
 142   1        {
 143   2          Delay_ms(KEYTIME);
 144   2          if(KEY_HANG1 == 0)
 145   2          {
 146   3            key = '1';  // 1
 147   3            DocPhim = 0;
 148   3          }
 149   2        }
 150   1        if(KEY_HANG1 == KEY_HANG1 && DocPhim < 1000)
 151   1        {
 152   2          DocPhim++;
 153   2        }
 154   1        
 155   1        if(KEY_HANG2 == 0)
 156   1        {
 157   2          Delay_ms(KEYTIME);
 158   2          if(KEY_HANG2 == 0)
 159   2          {
 160   3            key = '4';  // 4
 161   3            DocPhim = 0;
 162   3          }
 163   2        }
 164   1        if(KEY_HANG2 == KEY_HANG2 && DocPhim < 1000)
 165   1        {
 166   2          DocPhim++;
 167   2        }
 168   1        
 169   1        if(KEY_HANG3 == 0)
 170   1        {
 171   2          Delay_ms(KEYTIME);
 172   2          if(KEY_HANG3 == 0)
 173   2          {
 174   3            key = '7';  // 7
C51 COMPILER V9.52.0.0   MAIN                                                              12/29/2017 22:02:44 PAGE 4   

 175   3            DocPhim = 0;
 176   3          }
 177   2        }
 178   1        if(KEY_HANG3 == KEY_HANG3 && DocPhim < 1000)
 179   1        {
 180   2          DocPhim++;
 181   2        }
 182   1        
 183   1      //  if(KEY_HANG4 == 0)
 184   1      //  {
 185   1      //    Delay_ms(KEYTIME);
 186   1      //    if(KEY_HANG4 == 0)
 187   1      //    {
 188   1      //      key = 0x2A; // *
 189   1      //      DocPhim = 0;
 190   1      //    }
 191   1      //  }
 192   1      //  if(KEY_HANG4 == KEY_HANG4 && DocPhim < 1000)
 193   1      //  {
 194   1      //    DocPhim++;
 195   1      //  }
 196   1        
 197   1        KEY_COT1 = 1;
 198   1      //--------------------------------------------------------------------
 199   1        KEY_COT2 = 0; // Cot 2 = 0
 200   1      // Kiem tra lan luot cac HANG
 201   1        if(KEY_HANG1 == 0)
 202   1        {
 203   2          Delay_ms(KEYTIME);
 204   2          if(KEY_HANG1 == 0)
 205   2          {
 206   3            key = '2';  // 2
 207   3            DocPhim = 0;
 208   3          }
 209   2        }
 210   1        if(KEY_HANG1 == KEY_HANG1 && DocPhim < 1000)
 211   1        {
 212   2          DocPhim++;
 213   2        }
 214   1        
 215   1        if(KEY_HANG2 == 0)
 216   1        {
 217   2          Delay_ms(KEYTIME);
 218   2          if(KEY_HANG2 == 0)
 219   2          {
 220   3            key = '5';  // 5
 221   3            DocPhim = 0;
 222   3          }
 223   2        }
 224   1        if(KEY_HANG2 == KEY_HANG2 && DocPhim < 1000)
 225   1        {
 226   2          DocPhim++;
 227   2        }
 228   1        
 229   1        if(KEY_HANG3 == 0)
 230   1        {
 231   2          Delay_ms(KEYTIME);
 232   2          if(KEY_HANG3 == 0)
 233   2          {
 234   3            key = '8';  // 8
 235   3            DocPhim = 0;
 236   3          }
C51 COMPILER V9.52.0.0   MAIN                                                              12/29/2017 22:02:44 PAGE 5   

 237   2        }
 238   1        if(KEY_HANG3 == KEY_HANG3 && DocPhim < 1000)
 239   1        {
 240   2          DocPhim++;
 241   2        }
 242   1        
 243   1        if(KEY_HANG4 == 0)
 244   1        {
 245   2          Delay_ms(KEYTIME);
 246   2          if(KEY_HANG4 == 0)
 247   2          {
 248   3            key = '0';  // 0
 249   3            DocPhim = 0;
 250   3          }
 251   2        }
 252   1        if(KEY_HANG4 == KEY_HANG4 && DocPhim < 1000)
 253   1        {
 254   2          DocPhim++;
 255   2        }
 256   1        
 257   1        KEY_COT2 = 1;
 258   1      //-----------------------------------------------------------
 259   1        KEY_COT3 = 0; // Cot 3 = 0
 260   1      // Kiem tra lan luot cac HANG
 261   1        if(KEY_HANG1 == 0)
 262   1        {
 263   2          Delay_ms(KEYTIME);
 264   2          if(KEY_HANG1 == 0)
 265   2          {
 266   3            key = '3';  // 3
 267   3            DocPhim = 0;
 268   3          }
 269   2        }
 270   1        if(KEY_HANG1 == KEY_HANG1 && DocPhim < 1000)
 271   1        {
 272   2          DocPhim++;
 273   2        }
 274   1        
 275   1        if(KEY_HANG2 == 0)
 276   1        {
 277   2          Delay_ms(KEYTIME);
 278   2          if(KEY_HANG2 == 0)
 279   2          {
 280   3            key = '6';  // 6
 281   3            DocPhim = 0;
 282   3          }
 283   2        }
 284   1        if(KEY_HANG2 == KEY_HANG2 && DocPhim < 1000)
 285   1        {
 286   2          DocPhim++;
 287   2        }
 288   1        
 289   1        if(KEY_HANG3 == 0)
 290   1        {
 291   2          Delay_ms(KEYTIME);
 292   2          if(KEY_HANG3 == 0)
 293   2          {
 294   3            key = '9';  // 9
 295   3            DocPhim = 0;
 296   3          }
 297   2        }
 298   1        if(KEY_HANG3 == KEY_HANG3 && DocPhim < 1000)
C51 COMPILER V9.52.0.0   MAIN                                                              12/29/2017 22:02:44 PAGE 6   

 299   1        {
 300   2          DocPhim++;
 301   2        }
 302   1        if(KEY_HANG4 == 0)
 303   1        {
 304   2          Delay_ms(KEYTIME);
 305   2          if(KEY_HANG4 == 0)
 306   2          {
 307   3            key = 0x23; // #
 308   3            DocPhim = 0;
 309   3          }
 310   2        }
 311   1        if(KEY_HANG4 == KEY_HANG4 && DocPhim < 1000)
 312   1        {
 313   2          DocPhim++;
 314   2        }
 315   1        
 316   1        KEY_COT3 = 1;
 317   1        
 318   1        if(DocPhim == 1000) 
 319   1        {
 320   2          if(Dem != 0 || Doi != 0)
 321   2          {
 322   3            if(Mode <= 0)
 323   3            {
 324   4              LCD_LED = 0;
 325   4              LCD_Cmd(0x0C);
 326   4              Clear_Data();
 327   4            }
 328   3            else 
 329   3            {
 330   4              LCD_LED = 1;
 331   4              DocPhim = 0;
 332   4            }
 333   3          }
 334   2          LCD_LED = 0;
 335   2        }
 336   1        if(DocPhim < 1000)
 337   1        {
 338   2          LCD_LED = 1;
 339   2        }
 340   1        return key;
 341   1      }//_______________________________________________________________________________________________________
             -___________
 342          void Doc_Phim(void)
 343          {
 344   1        unsigned int i;
 345   1        
 346   1        if(!KEY_HANG4)
 347   1        {
 348   2          while(!KEY_HANG4 & i < 50){i++; Delay_ms(50);}
 349   2          Delay_ms(50);
 350   2          if(Mode == 0)
 351   2          {
 352   3            if(i < 50)
 353   3            {
 354   4              Dem++;
 355   4              if(Dem == 2) 
 356   4              {
 357   5                Dem = 0;
 358   5                Doi = 0;
 359   5                Mode = 0;
C51 COMPILER V9.52.0.0   MAIN                                                              12/29/2017 22:02:44 PAGE 7   

 360   5              }
 361   4              if(Dem > 0 && Doi > 0)
 362   4              {
 363   5                Dem = 0;
 364   5                Doi = 0;
 365   5                Mode = 0;
 366   5              }
 367   4            }
 368   3            if(i == 50)
 369   3            {
 370   4              Dem = 0;
 371   4              Doi = 1;
 372   4              Mode = 0;
 373   4            }
 374   3            LCD_Clear();
 375   3          }
 376   2        }
 377   1        else i = 0;//-----------------------------------------------------------------------
 378   1      }//_______________________________________________________________________________________________________
             -_
 379          void Key_Inputs()
 380          {
 381   1        if(GioiHan < 8)
 382   1        {
 383   2          LCD_PutChar(Key);
 384   2          LuuPhim[GioiHan] = Key;
 385   2          GioiHan++;
 386   2          Delay_ms(50);
 387   2          LCD_Cmd(0x10);
 388   2          LCD_PutChar('*');
 389   2        }
 390   1      }//_______________________________________________________________________________________________________
             -_____________
 391          void Key_Clear()
 392          {
 393   1        if(GioiHan > 0 && Key == 0x23)
 394   1        {
 395   2          GioiHan--;
 396   2          LuuPhim[GioiHan] = 'n';
 397   2          Delay_ms(50);
 398   2          LCD_Gotoxy(GioiHan + 4, 1);
 399   2          LCD_Puts(" ");
 400   2          LCD_Cmd(0x11);
 401   2        }
 402   1      }
 403          //________________________________________________________________________________________________________
             -________________
 404          void Ket_Qua()
 405          {
 406   1        unsigned char x;
 407   1        
 408   1        if(KetQua1 == 1)
 409   1        {
 410   2          LCD_Clear();
 411   2          LCD_Gotoxy(3, 0);
 412   2          LCD_Puts("Cua Da Mo");
 413   2          Delay_ms(2000);
 414   2          SaiMK = 0;
 415   2          Clear_Data();
 416   2        }
 417   1        if(KetQua1 == 2)
 418   1        {
C51 COMPILER V9.52.0.0   MAIN                                                              12/29/2017 22:02:44 PAGE 8   

 419   2          LCD_Clear();
 420   2          LCD_Gotoxy(2, 0);
 421   2          LCD_Puts("Sai Mat Khau");
 422   2          Delay_ms(1000);
 423   2          SaiMK++;
 424   2          Clear_Data();
 425   2          Dem = 1;
 426   2          if(SaiMK == 3)
 427   2          {
 428   3            LCD_Gotoxy(0, 0);
 429   3            LCD_Puts("Nhap sai 3 lan");
 430   3            LCD_Gotoxy(0, 1);
 431   3            LCD_Puts("Wait...");
 432   3            for(x = 60; x > 0; x--)
 433   3            {
 434   4              LCD_Gotoxy(7, 1);
 435   4              LCD_PutChar((x / 10) + 0x30);
 436   4              LCD_PutChar((x % 10) + 0x30);
 437   4              LCD_Gotoxy(10, 1);
 438   4              LCD_Puts("second");
 439   4              Delay_ms(1000);
 440   4              if(x <= 0)
 441   4              {
 442   5                Clear_Data();
 443   5                SaiMK = 0;
 444   5                break;
 445   5              }
 446   4            }
 447   3            Clear_Data();
 448   3          }
 449   2        }
 450   1      }//_______________________________________________________________________________________________________
             -_____________
 451          void Background1(void)
 452          {
 453   1        if(Dem == 0 && Doi == 0)
 454   1        {
 455   2          LCD_Gotoxy(1, 0);
 456   2          LCD_Puts("Design Tuan Anh");
 457   2          LCD_Gotoxy(0, 1);
 458   2          LCD_Puts("Phone:0964264325");
 459   2        }
 460   1        if(Dem == 1 && Doi == 0)
 461   1        {
 462   2          LCD_Gotoxy(5, 0);
 463   2          LCD_Puts("Mo Khoa");
 464   2          LCD_Gotoxy(0, 1);
 465   2          LCD_PutChar('*');
 466   2          LCD_Gotoxy(2, 1);
 467   2          LCD_PutChar(0x7F);
 468   2          LCD_Gotoxy(13, 1);
 469   2          LCD_PutChar(0x7E);
 470   2          LCD_Gotoxy(15, 1);
 471   2          LCD_PutChar('#');
 472   2          
 473   2        }
 474   1        if(Dem == 0 && Doi == 1)
 475   1        { 
 476   2          LCD_Gotoxy(2, 0);
 477   2          LCD_Puts("Doi Mat Khau");
 478   2          LCD_Gotoxy(0, 1);
 479   2          LCD_PutChar('*');
C51 COMPILER V9.52.0.0   MAIN                                                              12/29/2017 22:02:44 PAGE 9   

 480   2          LCD_Gotoxy(2, 1);
 481   2          LCD_PutChar(0x7F);
 482   2          LCD_Gotoxy(13, 1);
 483   2          LCD_PutChar(0x7E);
 484   2          LCD_Gotoxy(15, 1);
 485   2          LCD_PutChar('#');
 486   2        }
 487   1        if(Dem == 6 && Doi == 6)
 488   1        {
 489   2          Dem = 5;
 490   2          Doi = 5;
 491   2          Mode = 5;
 492   2          LCD_Gotoxy(0, 0);
 493   2          LCD_Puts("Thiet Lap MK Moi");
 494   2          LCD_Gotoxy(4, 1);
 495   2          LCD_Cmd(0x0F);
 496   2        }
 497   1        else if(Dem == 1 && Doi == 0)
 498   1        {
 499   2          if(Key == 0x23)
 500   2          {
 501   3            Dem = 5;
 502   3            Doi = 5;
 503   3            Mode = 1;
 504   3            LCD_Clear();
 505   3            LCD_Gotoxy(2, 0);
 506   3            LCD_Puts("Nhap Mat Khau");
 507   3            LCD_Gotoxy(4, 1);
 508   3            LCD_Cmd(0x0F);
 509   3          }
 510   2        }
 511   1        else if(Dem == 0 && Doi == 1)
 512   1        {
 513   2          if(KEY_HANG4 != 0 && Key == 0x23)
 514   2          {
 515   3            Dem = 7;
 516   3            Doi = 7;
 517   3            Mode = 2;
 518   3            LCD_Clear();
 519   3            LCD_Gotoxy(0, 0);
 520   3            LCD_Puts("Nhap Mat Khau Cu");
 521   3            LCD_Gotoxy(4, 1);
 522   3            LCD_Cmd(0x0F);    // Bat nhay con tro
 523   3          }
 524   2        }
 525   1      }//_______________________________________________________________________________________________________
             -___________
 526          
 527          
 528          void main()
 529          {
 530   1        unsigned char x, temp;
 531   1        
 532   1        LCD_Init();
 533   1        Delay_ms(100);
 534   1        I2c_Init();
 535   1        MFRC522_Init();
 536   1          temp = Eeprom24C_Read(0x08);
 537   1          if(temp != 0x2A)
 538   1          {
 539   2            LCD_Gotoxy(0, 0);
 540   2            LCD_Puts("Chua Tao MK !!! ");
C51 COMPILER V9.52.0.0   MAIN                                                              12/29/2017 22:02:44 PAGE 10  

 541   2            Delay_ms(2000);
 542   2            Dem = 6;
 543   2            Doi = 6;
 544   2          }
 545   1          if(temp == 0x2A)
 546   1          {
 547   2            LCD_Gotoxy(0, 0);
 548   2            LCD_Puts("MK Da Thiet Lap!");
 549   2            Eeprom24C_ReadS(0x00, 8, MatKhauCu);
 550   2            Delay_ms(2000);
 551   2          }
 552   1          LCD_Clear();
 553   1      
 554   1        while(1)
 555   1        {
 556   2          Key = KeyPress();
 557   2          Background1();
 558   2          if(!KEY_HANG4)
 559   2          {
 560   3            LCD_LED = 1;
 561   3            DocPhim = 0;
 562   3            Doc_Phim();
 563   3          }
 564   2          if(Dem == 0 && Doi == 0 && KEY_HANG4 == 1)
 565   2          {
 566   3            if(MFRC522_isCard())
 567   3            {
 568   4              if(MFRC522_ReadCardSerial(UID))
 569   4              {
 570   5                LCD_LED = 1;
 571   5                for(x = 0; x < 5; )
 572   5                {
 573   6                  if(UID[x] == Card1[x] || UID[x] == Card2[x] || UID[x] == Card3[x])
 574   6                  {
 575   7                    x++;
 576   7                    if(x == 5)
 577   7                    {
 578   8                      LCD_Clear();
 579   8                      LCD_Gotoxy(3, 0);
 580   8                      LCD_Puts("The hop le");
 581   8                      DOOR = 0;
 582   8                      Delay_ms(2000);
 583   8                      DOOR = 1;
 584   8                      LCD_Gotoxy(0, 1);
 585   8                      LCD_Puts("Cua Da mo");
 586   8                      Delay_ms(4000);
 587   8                    }
 588   7                  }
 589   6                  else
 590   6                  {
 591   7                    LCD_Clear();
 592   7                    LCD_Gotoxy(3, 0);
 593   7                    LCD_Puts("Sai ma the");
 594   7                    Delay_ms(3000);
 595   7                    break;
 596   7                  }
 597   6                }
 598   5              }
 599   4              LCD_LED = 0;
 600   4              LCD_Clear();
 601   4            }
 602   3            MFRC522_Halt();
C51 COMPILER V9.52.0.0   MAIN                                                              12/29/2017 22:02:44 PAGE 11  

 603   3          }
 604   2          if(Mode == 1)
 605   2          {
 606   3            if(!KEY_HANG4)
 607   3            {
 608   4              LCD_Cmd(0x0C);
 609   4              Clear_Data();
 610   4            }
 611   3            Key_Clear();
 612   3            if(Key != 0 && Key != 0x23)
 613   3            {
 614   4              Key_Inputs();
 615   4              if(GioiHan == 8)
 616   4              {
 617   5                LCD_Cmd(0x0C);    // Tat nhay con tro
 618   5                LCD_Clear();
 619   5                LCD_Gotoxy(2, 0);
 620   5                LCD_Puts("Wait...");
 621   5                Delay_ms(500);
 622   5                for(x = 0; x < 8;)
 623   5                {
 624   6                  if(LuuPhim[x] == MatKhauCu[x])
 625   6                  {
 626   7                    x++;
 627   7                    if(x == 8)
 628   7                    {
 629   8                      KetQua1 = 1;
 630   8                      DOOR = 0;
 631   8                      Delay_ms(1000);
 632   8                      DOOR = 1;
 633   8                      break;
 634   8                    }
 635   7                  }
 636   6                  else if(LuuPhim[x] != MatKhauCu[x])
 637   6                  {
 638   7                    KetQua1 = 2;
 639   7                    break;
 640   7                  }
 641   6                }
 642   5                Ket_Qua();
 643   5              }
 644   4            }
 645   3          } // Mode 1 Che do nhap mat khau mo khoa
 646   2          if(Mode == 2)
 647   2          {
 648   3            if(!KEY_HANG4)
 649   3            {
 650   4              LCD_Cmd(0x0C);
 651   4              Clear_Data();
 652   4            }
 653   3            Key_Clear();
 654   3            if(Key != 0 && Key != 0x23)
 655   3            {
 656   4              Key_Inputs();
 657   4              if(GioiHan == 8)
 658   4              {
 659   5                LCD_Cmd(0x0C);
 660   5                LCD_Clear();
 661   5                LCD_Gotoxy(2, 0);
 662   5                LCD_Puts("Wait...");
 663   5                Delay_ms(2000);
 664   5                for(x = 0; x < 8;)
C51 COMPILER V9.52.0.0   MAIN                                                              12/29/2017 22:02:44 PAGE 12  

 665   5                {
 666   6                  if(LuuPhim[x] == MatKhauCu[x])
 667   6                  {
 668   7                    x++;
 669   7                    if(x == 8)
 670   7                    {
 671   8                      KetQua1 = 3;
 672   8                      Xoa_Mang();
 673   8                      break;
 674   8                    }
 675   7                  }
 676   6                  if(LuuPhim[x] != MatKhauCu[x])
 677   6                  {
 678   7                    KetQua1 = 4;
 679   7                    Xoa_Mang();
 680   7                    break;
 681   7                  }
 682   6                }
 683   5              }
 684   4              if(KetQua1 == 3 || KetQua1 == 4)
 685   4              {
 686   5                LCD_Clear();
 687   5                LCD_Gotoxy(3, 0);
 688   5                LCD_Puts("Nhap MK Moi");
 689   5                LCD_Gotoxy(4, 1);
 690   5                LCD_Cmd(0x0F);
 691   5                Mode = 3;
 692   5                Key = 0;
 693   5                Xoa_Mang();
 694   5              }
 695   4            }
 696   3          } // Mode 2 che do doi mat khau
 697   2          if(Mode == 3)
 698   2          {
 699   3            Key_Clear();
 700   3            if(Key != 0 && Key != 0x23)
 701   3            {
 702   4              Key_Inputs();
 703   4              if(GioiHan == 8)
 704   4              {
 705   5                LCD_Cmd(0x0C);
 706   5                LCD_Clear();
 707   5                LCD_Gotoxy(2, 0);
 708   5                LCD_Puts("Wait...");
 709   5                Delay_ms(2000);
 710   5                for(x = 0; x < 8; x++)
 711   5                {
 712   6                  MatKhauMoi[x] = LuuPhim[x];
 713   6                }
 714   5                LCD_Clear();
 715   5                LCD_Gotoxy(0, 0);
 716   5                LCD_Puts("Nhap Lai MK Moi");
 717   5                LCD_Gotoxy(4, 1);
 718   5                LCD_Cmd(0x0F);
 719   5                GioiHan = 0;
 720   5                Mode = 4;
 721   5                Key = 0;
 722   5                Xoa_Mang();
 723   5              }
 724   4            }
 725   3          } // Mode 3 che do mat khau moi
 726   2          if(Mode == 4)
C51 COMPILER V9.52.0.0   MAIN                                                              12/29/2017 22:02:44 PAGE 13  

 727   2          {
 728   3            Key_Clear();
 729   3            if(Key != 0 && Key != 0x23)
 730   3            {
 731   4              Key_Inputs();
 732   4              if(GioiHan == 8)
 733   4              {
 734   5                LCD_Cmd(0x0C);
 735   5                LCD_Clear();
 736   5                LCD_Gotoxy(2, 0);
 737   5                LCD_Puts("Wait...");
 738   5                Delay_ms(2000);
 739   5                for(x = 0; x < 8;)
 740   5                {
 741   6                  if(LuuPhim[x] == MatKhauMoi[x])
 742   6                  {
 743   7                    x++;
 744   7                    if(x == 8)
 745   7                    {
 746   8                      KetQua2 = 1;  
 747   8                      break;
 748   8                    }
 749   7                  }
 750   6                  if(LuuPhim[x] != MatKhauMoi[x])
 751   6                  {
 752   7                    LCD_Clear();
 753   7                    LCD_Gotoxy(0, 0);
 754   7                    LCD_Puts("Mat Khau Moi");
 755   7                    LCD_Gotoxy(0, 1);
 756   7                    LCD_Puts("Khong Trung Khop!");
 757   7                    Delay_ms(4000);
 758   7                    LCD_Gotoxy(0, 0);
 759   7                    LCD_Puts("Doi Mk That Bai!");
 760   7                    LCD_Gotoxy(0, 1);
 761   7                    LCD_Puts("                ");
 762   7                    Delay_ms(3000);
 763   7                    Clear_Data();
 764   7                    break;
 765   7                  }
 766   6                }
 767   5                if(KetQua1 == 3 && KetQua2 == 1)
 768   5                {
 769   6                  LCD_Clear();
 770   6                  LCD_Gotoxy(3, 0);
 771   6                  LCD_Puts("Doi Mat Khau");
 772   6                  LCD_Gotoxy(0, 1);
 773   6                  LCD_Puts("Thanh Cong !!!");
 774   6                  Delay_ms(2000);
 775   6                  for(x = 0; x < 8; x++)
 776   6                  {
 777   7                    MatKhauCu[x] = LuuPhim[x];
 778   7                  }
 779   6                  Eeprom24C_WriteS(0x00, LuuPhim);
 780   6                  Eeprom24C_Write(0x08, 0x2A);
 781   6                  Delay_ms(100);
 782   6                  Clear_Data();
 783   6                }
 784   5                if(KetQua1 == 4 && KetQua2 == 1)
 785   5                {
 786   6                  LCD_Clear();
 787   6                  LCD_Gotoxy(0, 0);
 788   6                  LCD_Puts("Sai Mat Khau Cu");
C51 COMPILER V9.52.0.0   MAIN                                                              12/29/2017 22:02:44 PAGE 14  

 789   6                  LCD_Gotoxy(0, 1);
 790   6                  LCD_Puts("Doi Mk That Bai!");
 791   6                  Delay_ms(3000);
 792   6                  Clear_Data();
 793   6                }
 794   5              }
 795   4            }
 796   3          } // Mode 4 che do kiem tra lai mat khau moi
 797   2          if(Mode == 5)
 798   2          {
 799   3            Key_Clear();
 800   3            if(Key != 0 && Key != 0x23)
 801   3            {
 802   4              Key_Inputs();
 803   4              if(GioiHan == 8)
 804   4              {
 805   5                LCD_Cmd(0x0C);
 806   5                LCD_Clear();
 807   5                LCD_Gotoxy(2, 0);
 808   5                LCD_Puts("Wait...");
 809   5                Delay_ms(2000);
 810   5                for(x = 0; x < 8; x++)
 811   5                {
 812   6                  MatKhauCu[x] = LuuPhim[x];
 813   6                }
 814   5                Eeprom24C_WriteS(0x00, LuuPhim);
 815   5                Delay_ms(100);
 816   5                Eeprom24C_Write(0x08, 0x2A);
 817   5                Delay_ms(100);
 818   5                LCD_Gotoxy(0, 0);
 819   5                LCD_Puts("Thiet Lap MK Moi");
 820   5                LCD_Gotoxy(0, 1);
 821   5                LCD_Puts("Thanh Cong...!");
 822   5                Delay_ms(2000);
 823   5                Clear_Data();
 824   5              }
 825   4            }
 826   3          }//Mode 5 che do thiet lap mat khau lan dau
 827   2        }
 828   1      }


MODULE INFORMATION:   STATIC OVERLAYABLE
   CODE SIZE        =   4659    ----
   CONSTANT SIZE    =    362    ----
   XDATA SIZE       =   ----    ----
   PDATA SIZE       =   ----    ----
   DATA SIZE        =     10     160
   IDATA SIZE       =     44    ----
   BIT SIZE         =   ----       3
   EDATA SIZE       =   ----    ----
   HDATA SIZE       =   ----    ----
   XDATA CONST SIZE =   ----    ----
   FAR CONST SIZE   =   ----    ----
END OF MODULE INFORMATION.


C51 COMPILATION COMPLETE.  0 WARNING(S),  0 ERROR(S)
