C51 COMPILER V9.56.0.0   LCD_SRF05_2                                                       12/18/2017 15:05:30 PAGE 1   


C51 COMPILER V9.56.0.0, COMPILATION OF MODULE LCD_SRF05_2
OBJECT MODULE PLACED IN .\Objects\LCD_SRF05_2.obj
COMPILER INVOKED BY: C:\Keil_v5\C51\BIN\C51.EXE LCD_SRF05_2.c OPTIMIZE(8,SPEED) BROWSE DEBUG OBJECTEXTEND PRINT(.\Listin
                    -gs\LCD_SRF05_2.lst) TABS(2) OBJECT(.\Objects\LCD_SRF05_2.obj)

line level    source

   1          // DO KC SU DUNG CAM BIEN SIEU AM SRF05, HIEN THI LEN LCD
   2          
   3          #include <reg52.h>
   4          #include "..\..\LIBRARY\delay.h"
   5          #include <stdio.h>
   6          
   7          sbit RS = P1^0;
   8          sbit RW = P1^1;
   9          sbit EN = P1^2;
  10          sbit TRIGGER = P3^5;
  11          sbit ECHO = P3^2;
  12          void delay(unsigned int t) {
  13   1        while (t--);
  14   1      }
  15          void WriteCommand(unsigned char cmd);
  16          void LCD_init();
  17          void WriteChar(char c);
  18          void WriteString(char *s);
  19          void StartRange();
  20          void SRF05_Init(void);
  21          
  22          char chuoi[16];
  23          unsigned int distance;
  24          float d;
  25          
  26          main() {
  27   1        
  28   1          LCD_init();
  29   1          SRF05_Init();
  30   1          while (1) {
  31   2            StartRange();
  32   2            sprintf(chuoi,"D = %.1f cm ",d);
  33   2            while (1)
  34   2            WriteString(chuoi);
  35   2          }
  36   1      }
  37          void StartRange() {
  38   1          TRIGGER = 1;
  39   1          delay_ms(12);//tao 1 xung len
  40   1          ECHO = 1;  // set chan ECHO 
  41   1          delay_us(1);
  42   1          TRIGGER = 0;// Bat dau phep do.
  43   1          while(!(ECHO)); // Doi cho den khi chan ECHO duoc keo len ca
  44   1          TR0 = IT0 = EX0 = EA = 1; // Cho phep timer 0 hoat dong // cho phep ngat toan cuc
  45   1      }
  46          
  47          
  48          void SRF05_Init(void) {
  49   1        TRIGGER = 0;
  50   1        TMOD = 0x01;   //timer 0 che do 1 (16bit)
  51   1        TR0 = 1; EX0 = 1; IT0 = 1;       //ngat ngoai 0 che do ngat theo suon
  52   1        EA = 1;          // cho phep ngat toan cuc
  53   1      }
  54          
C51 COMPILER V9.56.0.0   LCD_SRF05_2                                                       12/18/2017 15:05:30 PAGE 2   

  55          void ngatngoai0(void)interrupt 0 {
  56   1        distance = TH0;
  57   1        distance <<= 8;
  58   1        distance |= TL0;
  59   1        d = (float) distance/60;
  60   1        TR0 = 0; IT0 = 0; EX0 = 0;                    // Ngung timer
  61   1        TL0 =  0; TH0 = 0;                        // Xoa du lieu trong thanh ghi Timer 0                 
  62   1      }   
  63          
  64          void WriteCommand(unsigned char cmd) {
  65   1          RS = 0; RW = 0;
  66   1          P2 = cmd;
  67   1          EN = 0; EN = 1;
  68   1          delay_ms(2);
  69   1      }
  70          void LCD_init() {
  71   1          P2 = 0x00;
  72   1          delay_ms(1);
  73   1          WriteCommand(0x03);
  74   1          WriteCommand(0x02);        // Initialize Lcd in 4-bit mode
  75   1          WriteCommand(0x28);        // enable 5x7 mode for chars 
  76   1          WriteCommand(0x01);        // Clear Display
  77   1          WriteCommand(0x0C);
  78   1      }
  79              
  80          void WriteChar(char c) {
  81   1          P2 = (c & 0xF0);
  82   1          RS = 1; // Gui/nhan du lieu
  83   1          RW = 0; // Gui
  84   1          EN = 1; delay(10); EN = 0;
  85   1          delay(100);
  86   1          P2 = ((c << 4) & 0xF0);
  87   1          RS = 1; RW = 0;
  88   1          EN = 1; delay(10); EN = 0;
  89   1          delay(100);
  90   1      }
  91          void WriteString(char *s) {
  92   1          while (*s) {
  93   2              WriteChar(*s++);
  94   2          }
  95   1      }


MODULE INFORMATION:   STATIC OVERLAYABLE
   CODE SIZE        =    351    ----
   CONSTANT SIZE    =     13    ----
   XDATA SIZE       =   ----    ----
   PDATA SIZE       =   ----    ----
   DATA SIZE        =     22       3
   IDATA SIZE       =   ----    ----
   BIT SIZE         =   ----    ----
END OF MODULE INFORMATION.


C51 COMPILATION COMPLETE.  0 WARNING(S),  0 ERROR(S)
