Tue May 31 17:39:53 Saved as file BACKUP1.MAX
Tue May 31 17:39:53 Saved as file C:\USERS\ADMIN\DESKTOP\DO AN\MACHIN\MACH IN-9.MAX
Tue May 31 17:39:56 UserDiv from Layout.INI for AutoECO: 60
Tue May 31 17:39:56 Loaded file C:\USERS\ADMIN\DESKTOP\DO AN\MACHIN\MACH IN-9.MAX
Tue May 31 17:39:57 Loaded file C:\ORCAD\ORCAD_10.5\TOOLS\LAYOUT\library\BCON100T.llb
Tue May 31 17:39:57 Loaded file C:\ORCAD\ORCAD_10.5\TOOLS\LAYOUT\library\BCON156T.llb
Tue May 31 17:39:57 Loaded file C:\ORCAD\ORCAD_10.5\TOOLS\LAYOUT\library\BGA.llb
Tue May 31 17:39:57 Loaded file C:\ORCAD\ORCAD_10.5\TOOLS\LAYOUT\library\CLCC.llb
Tue May 31 17:39:57 Loaded file C:\ORCAD\ORCAD_10.5\TOOLS\LAYOUT\library\DCON050T.llb
Tue May 31 17:39:57 Loaded file C:\ORCAD\ORCAD_10.5\TOOLS\LAYOUT\library\DCON085T.llb
Tue May 31 17:39:57 Loaded file C:\ORCAD\ORCAD_10.5\TOOLS\LAYOUT\library\DIMM050F.llb
Tue May 31 17:39:57 Loaded file C:\ORCAD\ORCAD_10.5\TOOLS\LAYOUT\library\DIMM050T.llb
Tue May 31 17:39:57 Loaded file C:\ORCAD\ORCAD_10.5\TOOLS\LAYOUT\library\DIN.llb
Tue May 31 17:39:57 Loaded file C:\ORCAD\ORCAD_10.5\TOOLS\LAYOUT\library\DIP100B.llb
Tue May 31 17:39:57 Loaded file C:\ORCAD\ORCAD_10.5\TOOLS\LAYOUT\library\DIP100T.llb
Tue May 31 17:39:57 Loaded file C:\ORCAD\ORCAD_10.5\TOOLS\LAYOUT\library\DSUBT.llb
Tue May 31 17:39:57 Loaded file C:\ORCAD\ORCAD_10.5\TOOLS\LAYOUT\library\DSUBT_HD.LLB
Tue May 31 17:39:57 Loaded file C:\ORCAD\ORCAD_10.5\TOOLS\LAYOUT\library\ECON100T.llb
Tue May 31 17:39:57 Loaded file C:\ORCAD\ORCAD_10.5\TOOLS\LAYOUT\library\FBUS.llb
Tue May 31 17:39:57 Loaded file C:\ORCAD\ORCAD_10.5\TOOLS\LAYOUT\library\ISA.llb
Tue May 31 17:39:57 Loaded file C:\ORCAD\ORCAD_10.5\TOOLS\LAYOUT\library\JUMPER.LLB
Tue May 31 17:39:57 Loaded file C:\ORCAD\ORCAD_10.5\TOOLS\LAYOUT\library\LAYOUT.llb
Tue May 31 17:39:57 Loaded file C:\ORCAD\ORCAD_10.5\TOOLS\LAYOUT\library\LCON100T.llb
Tue May 31 17:39:57 Loaded file C:\ORCAD\ORCAD_10.5\TOOLS\LAYOUT\library\PC104.llb
Tue May 31 17:39:57 Loaded file C:\ORCAD\ORCAD_10.5\TOOLS\LAYOUT\library\PCI.llb
Tue May 31 17:39:57 Loaded file C:\ORCAD\ORCAD_10.5\TOOLS\LAYOUT\library\PCON100T.llb
Tue May 31 17:39:57 Loaded file C:\ORCAD\ORCAD_10.5\TOOLS\LAYOUT\library\PCON156T.llb
Tue May 31 17:39:57 Loaded file C:\ORCAD\ORCAD_10.5\TOOLS\LAYOUT\library\PGA.llb
Tue May 31 17:39:57 Loaded file C:\ORCAD\ORCAD_10.5\TOOLS\LAYOUT\library\PLCC.llb
Tue May 31 17:39:57 Loaded file C:\ORCAD\ORCAD_10.5\TOOLS\LAYOUT\library\QUAD.llb
Tue May 31 17:39:57 Loaded file C:\ORCAD\ORCAD_10.5\TOOLS\LAYOUT\library\QUADB.llb
Tue May 31 17:39:57 Loaded file C:\ORCAD\ORCAD_10.5\TOOLS\LAYOUT\library\RELAY.llb
Tue May 31 17:39:57 Loaded file C:\ORCAD\ORCAD_10.5\TOOLS\LAYOUT\library\RF.llb
Tue May 31 17:39:57 Loaded file C:\ORCAD\ORCAD_10.5\TOOLS\LAYOUT\library\SBUS.llb
Tue May 31 17:39:57 Loaded file C:\ORCAD\ORCAD_10.5\TOOLS\LAYOUT\library\SIMM050F.llb
Tue May 31 17:39:58 Loaded file C:\ORCAD\ORCAD_10.5\TOOLS\LAYOUT\library\SIMM050T.llb
Tue May 31 17:39:58 Loaded file C:\ORCAD\ORCAD_10.5\TOOLS\LAYOUT\library\SIMM100F.llb
Tue May 31 17:39:58 Loaded file C:\ORCAD\ORCAD_10.5\TOOLS\LAYOUT\library\SIMM100T.llb
Tue May 31 17:39:58 Loaded file C:\ORCAD\ORCAD_10.5\TOOLS\LAYOUT\library\SIP.llb
Tue May 31 17:39:58 Loaded file C:\ORCAD\ORCAD_10.5\TOOLS\LAYOUT\library\SM.llb
Tue May 31 17:39:58 Loaded file C:\ORCAD\ORCAD_10.5\TOOLS\LAYOUT\library\SOG.llb
Tue May 31 17:39:58 Loaded file C:\ORCAD\ORCAD_10.5\TOOLS\LAYOUT\library\SOJ.llb
Tue May 31 17:39:58 Loaded file C:\ORCAD\ORCAD_10.5\TOOLS\LAYOUT\library\STIFF.llb
Tue May 31 17:39:58 Loaded file C:\ORCAD\ORCAD_10.5\TOOLS\LAYOUT\library\TELE.llb
Tue May 31 17:39:58 Loaded file C:\ORCAD\ORCAD_10.5\TOOLS\LAYOUT\library\TM_AXIAL.llb
Tue May 31 17:39:58 Loaded file C:\ORCAD\ORCAD_10.5\TOOLS\LAYOUT\library\TM_CAP_P.llb
Tue May 31 17:39:58 Loaded file C:\ORCAD\ORCAD_10.5\TOOLS\LAYOUT\library\TM_CYLND.llb
Tue May 31 17:39:58 Loaded file C:\ORCAD\ORCAD_10.5\TOOLS\LAYOUT\library\TM_DIODE.llb
Tue May 31 17:39:58 Loaded file C:\ORCAD\ORCAD_10.5\TOOLS\LAYOUT\library\TM_DISC.llb
Tue May 31 17:39:58 Loaded file C:\ORCAD\ORCAD_10.5\TOOLS\LAYOUT\library\TM_RAD.llb
Tue May 31 17:39:58 Loaded file C:\ORCAD\ORCAD_10.5\TOOLS\LAYOUT\library\TO.llb
Tue May 31 17:39:58 Loaded file C:\ORCAD\ORCAD_10.5\TOOLS\LAYOUT\library\TRAINING.LLB
Tue May 31 17:39:58 Loaded file C:\ORCAD\ORCAD_10.5\TOOLS\LAYOUT\library\VRES.llb
Tue May 31 17:39:58 Loaded file C:\ORCAD\ORCAD_10.5\TOOLS\LAYOUT\library\WCON100T.llb
Tue May 31 17:39:58 Loaded file C:\ORCAD\ORCAD_10.5\TOOLS\LAYOUT\library\XT.llb
Tue May 31 17:39:58 Loaded file C:\ORCAD\ORCAD_10.5\TOOLS\LAYOUT\library\ZIGZAG.llb
Tue May 31 17:40:00 Saved as file C:\USERS\ADMIN\DESKTOP\DO AN\MACHIN\MACH IN-10.MAX
Tue May 31 17:40:00 Loaded file C:\USERS\ADMIN\DESKTOP\DO AN\MACHIN\MACH IN-10.MAX
