C51 COMPILER V9.56.0.0   CODE                                                              01/27/2018 12:00:06 PAGE 1   


C51 COMPILER V9.56.0.0, COMPILATION OF MODULE CODE
OBJECT MODULE PLACED IN Code.OBJ
COMPILER INVOKED BY: C:\Keil_v5\C51\BIN\C51.EXE Code.c OPTIMIZE(8,SPEED) BROWSE DEBUG OBJECTEXTEND TABS(2)

line level    source

   1          #include <REGX52.H>
   2          #include "24xx512.h"  
   3          #include "lcd.h"  
   4          #include "templib.h"
   5          
   6          
   7          unsigned char x,k;
   8          unsigned char dat;
   9          unsigned char x1,x2,x3,x4,x5,x6,x7,x8,x9,x10;
  10          
  11          void send(unsigned char a)     
  12          {
  13   1                  SBUF=a;            
  14   1                  while(TI==0){}     
  15   1                  TI=0;              
  16   1      }
  17          
  18          void delay(int t)
  19          {
  20   1        int i,j;
  21   1        for (i=0; i<t;i++)
  22   1        {
  23   2          for(j=0;j<=123;j++);
  24   2        }
  25   1      
  26   1      }
  27          
  28          void init()
  29          {
  30   1      unsigned char inner, outer;
  31   1      
  32   1      for (outer = 0x00; outer < 0x10; outer++) 
  33   1      {
  34   2      for (inner = 0x00; inner < 0xFF; inner++);
  35   2      }
  36   1      
  37   1      LCD_init();
  38   1      
  39   1      for (inner = 0; inner < 10; inner++) 
  40   1      LCD_delay(2);
  41   1      }
  42          
  43          /***************************** Main function *************************************/
  44          void main(void) 
  45          {
  46   1       TMOD=0x20;                       
  47   1       TH1=0xFA;                        
  48   1       SCON=0x50;                       
  49   1       TR1=1;   
  50   1      
  51   1       IE=0x85;// su dung ngat ngoai chan INT0
  52   1      IT0=1;// ngat suon âm
  53   1      IT1=1;
  54   1      init();
  55   1      init();
C51 COMPILER V9.56.0.0   CODE                                                              01/27/2018 12:00:06 PAGE 2   

  56   1      while(1)
  57   1      {
  58   2      //  ReadTemp();
  59   2      LCD_row1(); LCD_puts("T= ");
  60   2        
  61   2      //LCD_number(temp);
  62   2      dat = EEPROM_get(0xffff);// doc data da luu 
  63   2      LCD_row2(); LCD_command(0xc0+2);LCD_number(dat);
  64   2      
  65   2      temp=dat;// doc lai gia tri bien khi mat dien
  66   2      
  67   2      } 
  68   1      } /* End main */
  69          
  70          void ngat0(void) interrupt 0
  71          {
  72   1      delay(200);
  73   1      ReadTemp();
  74   1      delay(200);
  75   1      EEPROM_set(0xffff,temp);// luu bien vao eeprom
  76   1      
  77   1      
  78   1      }
  79          
  80          void ngat1(void) interrupt 2
  81          {
  82   1      delay(100);
  83   1      send('T'); send('=');
  84   1      send(dat/10+48); send(dat%10+48); send(0x9BA); send(67);
  85   1      send(10); 
  86   1      //delay(100);
  87   1      }        


MODULE INFORMATION:   STATIC OVERLAYABLE
   CODE SIZE        =   1259    ----
   CONSTANT SIZE    =      4    ----
   XDATA SIZE       =   ----    ----
   PDATA SIZE       =   ----    ----
   DATA SIZE        =     16      12
   IDATA SIZE       =   ----    ----
   BIT SIZE         =   ----       2
END OF MODULE INFORMATION.


C51 COMPILATION COMPLETE.  0 WARNING(S),  0 ERROR(S)
