C51 COMPILER V9.56.0.0   LED_BLINKING                                                      12/22/2017 21:57:52 PAGE 1   


C51 COMPILER V9.56.0.0, COMPILATION OF MODULE LED_BLINKING
OBJECT MODULE PLACED IN .\Objects\led_blinking.obj
COMPILER INVOKED BY: C:\Keil_v5\C51\BIN\C51.EXE led_blinking.c OPTIMIZE(8,SPEED) BROWSE DEBUG OBJECTEXTEND PRINT(.\Listi
                    -ngs\led_blinking.lst) TABS(2) OBJECT(.\Objects\led_blinking.obj)

line level    source

   1          #include <reg52.h>
   2           
   3          void delay();
   4          
   5          main() {            
   6   1          unsigned int i, a[8] = {0x00, 0x81, 0xC3, 0xE7, 0xFF, 0xE7, 0xC3, 0x81};
   7   1      //a[8] = {0x7E, 0xBD, 0xDB, 0xE7, 0xE7, 0xDB, 0xBD, 0x7E};
   8   1          //, 0xE0, 0xC0, 0x80, 0x00,0x7F, 0x3F, 0x1F, 0x0F, 0x07, 0x03, 0x01, 0x00};   
   9   1          while(1) {     
  10   2          for (i = 0; i < 8; i++) {
  11   3            P2 = a[i];
  12   3            delay();
  13   3          }
  14   2          delay();
  15   2          }
  16   1      
  17   1      }
  18          void delay() {  
  19   1          unsigned int j;
  20   1          for( j=0; j<32000; j++);
  21   1      } 


MODULE INFORMATION:   STATIC OVERLAYABLE
   CODE SIZE        =     77    ----
   CONSTANT SIZE    =     16    ----
   XDATA SIZE       =   ----    ----
   PDATA SIZE       =   ----    ----
   DATA SIZE        =   ----      18
   IDATA SIZE       =   ----    ----
   BIT SIZE         =   ----    ----
END OF MODULE INFORMATION.


C51 COMPILATION COMPLETE.  0 WARNING(S),  0 ERROR(S)
