C51 COMPILER V9.56.0.0   LED_BLINKING_DICHBIT                                              10/08/2017 16:18:44 PAGE 1   


C51 COMPILER V9.56.0.0, COMPILATION OF MODULE LED_BLINKING_DICHBIT
OBJECT MODULE PLACED IN .\Objects\led_blinking_dichbit.obj
COMPILER INVOKED BY: C:\Keil_v5\C51\BIN\C51.EXE led_blinking_dichbit.c OPTIMIZE(8,SPEED) BROWSE DEBUG OBJECTEXTEND PRINT
                    -(.\Listings\led_blinking_dichbit.lst) TABS(5) OBJECT(.\Objects\led_blinking_dichbit.obj)

line level    source

   1          #include <reg52.h>
   2          
   3          void delay_ms(unsigned char time)
   4          {
   5   1           unsigned char i,j;
   6   1           for(i=0;i<time;i++)
   7   1           {
   8   2                for(j=0;j<123;j++);
   9   2           }
  10   1      }
  11          
  12          main()
  13          {    
  14   1           unsigned char i;
  15   1           unsigned char b;
  16   1           
  17   1           while(1) {
  18   2                
  19   2                b = 0xFF;
  20   2                P1 = b;
  21   2                for (i = 0; i < 8; i++) {
  22   3                     
  23   3                     delay_ms(1000);
  24   3                     b >>= 1;
  25   3                     P1 = b;
  26   3                     delay_ms(2000);
  27   3           
  28   3                }
  29   2                /*P1 = 0xFE;
  30   2                for (i = 0; i < 8; i++) {
  31   2                     
  32   2                     delay_ms(1000);
  33   2                     P1 >>= 1;
  34   2           
  35   2                }*/
  36   2                
  37   2           }
  38   1           
  39   1      }


MODULE INFORMATION:   STATIC OVERLAYABLE
   CODE SIZE        =     45    ----
   CONSTANT SIZE    =   ----    ----
   XDATA SIZE       =   ----    ----
   PDATA SIZE       =   ----    ----
   DATA SIZE        =   ----    ----
   IDATA SIZE       =   ----    ----
   BIT SIZE         =   ----    ----
END OF MODULE INFORMATION.


C51 COMPILATION COMPLETE.  0 WARNING(S),  0 ERROR(S)
