C51 COMPILER V9.56.0.0   LED_BLINKING_4                                                    10/08/2017 16:44:33 PAGE 1   


C51 COMPILER V9.56.0.0, COMPILATION OF MODULE LED_BLINKING_4
OBJECT MODULE PLACED IN .\Objects\led_blinking_4.obj
COMPILER INVOKED BY: C:\Keil_v5\C51\BIN\C51.EXE led_blinking_4.c OPTIMIZE(8,SPEED) BROWSE DEBUG OBJECTEXTEND PRINT(.\Lis
                    -tings\led_blinking_4.lst) TABS(5) OBJECT(.\Objects\led_blinking_4.obj)

line level    source

   1          #include <reg52.h>
   2          void delay();
   3          main() {
   4   1      
   5   1           while(1) {
   6   2                P1 = 0xAA;
   7   2                delay();
   8   2                P1 >>= 1;
   9   2                delay();
  10   2           }
  11   1      }
  12          
  13          void delay() {
  14   1           unsigned int i;
  15   1           for (i = 0; i < 35000; i++) {
  16   2           }
  17   1      }


MODULE INFORMATION:   STATIC OVERLAYABLE
   CODE SIZE        =     43    ----
   CONSTANT SIZE    =   ----    ----
   XDATA SIZE       =   ----    ----
   PDATA SIZE       =   ----    ----
   DATA SIZE        =   ----    ----
   IDATA SIZE       =   ----    ----
   BIT SIZE         =   ----    ----
END OF MODULE INFORMATION.


C51 COMPILATION COMPLETE.  0 WARNING(S),  0 ERROR(S)
