C51 COMPILER V9.56.0.0   LED_BLINKING_32                                                   10/09/2017 20:15:17 PAGE 1   


C51 COMPILER V9.56.0.0, COMPILATION OF MODULE LED_BLINKING_32
OBJECT MODULE PLACED IN .\Objects\led_blinking_32.obj
COMPILER INVOKED BY: C:\Keil_v5\C51\BIN\C51.EXE led_blinking_32.c OPTIMIZE(8,SPEED) BROWSE DEBUG OBJECTEXTEND PRINT(.\Li
                    -stings\led_blinking_32.lst) TABS(5) OBJECT(.\Objects\led_blinking_32.obj)

line level    source

   1          #include<at89x52.h>
   2          
   3          signed char i;
   4          void delay(unsigned int x)
   5          {
   6   1        unsigned int y;
   7   1       for(y=0;y<x;y++)
   8   1       {}
   9   1      }
  10          
  11          main() {
  12   1      
  13   1            while(1) {
  14   2            for(i=0;i<5;i++){
  15   3                 
  16   3                 P1=0x00;
  17   3                 delay(5000);
  18   3                 P1=0xFF;
  19   3            }
  20   2           //    P2=0X00;P3=0X00;;
  21   2      // P0=0XFF;P1=0XFF;P2=0XFF;P3=0XFF;delay(50000);
  22   2        
  23   2           }  
  24   1      
  25   1      }


MODULE INFORMATION:   STATIC OVERLAYABLE
   CODE SIZE        =     47    ----
   CONSTANT SIZE    =   ----    ----
   XDATA SIZE       =   ----    ----
   PDATA SIZE       =   ----    ----
   DATA SIZE        =      1    ----
   IDATA SIZE       =   ----    ----
   BIT SIZE         =   ----    ----
END OF MODULE INFORMATION.


C51 COMPILATION COMPLETE.  0 WARNING(S),  0 ERROR(S)
