C51 COMPILER V9.56.0.0   LED7SEGMENTS                                                      11/03/2017 11:03:24 PAGE 1   


C51 COMPILER V9.56.0.0, COMPILATION OF MODULE LED7SEGMENTS
OBJECT MODULE PLACED IN .\Objects\led7segments.obj
COMPILER INVOKED BY: C:\Keil_v5\C51\BIN\C51.EXE led7segments.c OPTIMIZE(8,SPEED) BROWSE DEBUG OBJECTEXTEND PRINT(.\Listi
                    -ngs\led7segments.lst) TABS(5) OBJECT(.\Objects\led7segments.obj)

line level    source

   1          #include<reg52.h>
   2          #include "..\..\LIBRARY\delay.h"
   3          sbit button = P2^0;
   4          sbit tran1 = P3^0;
   5          sbit tran2 = P3^1;
   6          main() {
   7   1           unsigned char i, a[10] = {0x40, 0x79, 0x24, 0x30, 0x19, 0x12, 0x02, 0x78, 0x00, 0x10};
   8   1           unsigned int j;
   9   1           while(1) {
  10   2                loop:
  11   2                for (i = 0; i < 100; i++) {
  12   3                     for (j = 0; j < 300; j++) {
  13   4                          P1 = a[i/10];
  14   4                          tran2 = 0;
  15   4                          delay_ms(1);
  16   4                          tran2 = 1;
  17   4                          P1 = a[i%10];
  18   4                          tran1 = 0;
  19   4                          delay_ms(1);
  20   4                          tran1 = 1;
  21   4                          if (button==0) {
  22   5                               delay_ms(30);
  23   5                               goto loop;
  24   5                          }
  25   4                     }    
  26   3                }
  27   2           }
  28   1      }


MODULE INFORMATION:   STATIC OVERLAYABLE
   CODE SIZE        =    119    ----
   CONSTANT SIZE    =     10    ----
   XDATA SIZE       =   ----    ----
   PDATA SIZE       =   ----    ----
   DATA SIZE        =   ----      13
   IDATA SIZE       =   ----    ----
   BIT SIZE         =   ----    ----
END OF MODULE INFORMATION.


C51 COMPILATION COMPLETE.  0 WARNING(S),  0 ERROR(S)
