C51 COMPILER V9.56.0.0   TIMER_MODE_01                                                     10/28/2017 05:37:56 PAGE 1   


C51 COMPILER V9.56.0.0, COMPILATION OF MODULE TIMER_MODE_01
OBJECT MODULE PLACED IN .\Objects\timer_mode_01.obj
COMPILER INVOKED BY: C:\Keil_v5\C51\BIN\C51.EXE timer_mode_01.c OPTIMIZE(8,SPEED) BROWSE DEBUG OBJECTEXTEND PRINT(.\List
                    -ings\timer_mode_01.lst) TABS(5) OBJECT(.\Objects\timer_mode_01.obj)

line level    source

   1          #include <reg52.h>
   2          
   3          void delay();
   4          main() {
   5   1           
   6   1           TMOD = 0x01;//che do 01-16bit, timer 0, nguon xtal, gate=0. TMOD = 0x02. che do 2-8bit timer 0. 
   7   1           P1 = 0x00;
   8   1           while(1) {
   9   2                P1 = ~P1;
  10   2                delay();
  11   2           }
  12   1      }
  13          void delay() {
  14   1           
  15   1           unsigned char i;
  16   1           for (i = 0; i < 12; i++) {
  17   2                TH0 = 0xEC;
  18   2                TL0 = 0x77; //5000 lan
  19   2                TR0 = 1;
  20   2           while (!TF0) {};
  21   2                TR0 = 0;
  22   2                TF0 = 0;
  23   2           }
  24   1           
  25   1      }
  26               


MODULE INFORMATION:   STATIC OVERLAYABLE
   CODE SIZE        =     36    ----
   CONSTANT SIZE    =   ----    ----
   XDATA SIZE       =   ----    ----
   PDATA SIZE       =   ----    ----
   DATA SIZE        =   ----    ----
   IDATA SIZE       =   ----    ----
   BIT SIZE         =   ----    ----
END OF MODULE INFORMATION.


C51 COMPILATION COMPLETE.  0 WARNING(S),  0 ERROR(S)
