C51 COMPILER V9.56.0.0   SERVO                                                             12/23/2017 21:24:24 PAGE 1   


C51 COMPILER V9.56.0.0, COMPILATION OF MODULE SERVO
OBJECT MODULE PLACED IN .\Objects\servo.obj
COMPILER INVOKED BY: C:\Keil_v5\C51\BIN\C51.EXE servo.c OPTIMIZE(8,SPEED) BROWSE DEBUG OBJECTEXTEND PRINT(.\Listings\ser
                    -vo.lst) TABS(2) OBJECT(.\Objects\servo.obj)

line level    source

   1          #include  <regx52.h>
   2          #include "..\..\LIBRARY\delay.h"
   3          void Delayms(unsigned int t) {
   4   1        unsigned int x, y;
   5   1        for (x = 0; x < t; x++)
   6   1          for (y = 0; y < 123; y++);
   7   1      }
   8          void delay(unsigned int t) {
   9   1        while (t--);
  10   1      }
  11          void StartRange();
  12          void SRF05_Init(void);
  13          sbit M1=P3^7;   //Output Pin for motor Actuation (PWM output pin)
  14          sbit TRIGGER = P3^5;
  15          sbit ECHO = P3^2;
  16          sbit in1 = P2^0;
  17          sbit in2 = P2^1;
  18          sbit in3 = P2^2;
  19          sbit in4 = P2^3;
  20          sbit en1 = P1^0;
  21          sbit en2 = P1^1;
  22          unsigned int distance;
  23          float d, dRight, dLeft;
  24          main() {
  25   1        unsigned int i=0;
  26   1        SRF05_Init();
  27   1        while (1) {
  28   2          StartRange(); // bat dau do kc su dung cam bien sieu am
  29   2          if (d > 12.0) { //neu kc > 12
  30   3          for(i=0;i<30;i++){ // quay servo ve goc 90
  31   4            M1=1;//Pwm_High();
  32   4            delay(125); 
  33   4            M1=0;//Pwm_Low(); 
  34   4            Delayms(18.5);
  35   4          }
  36   3          for(i=0;i<30;i++){ // quay servo ve goc 90
  37   4            M1=1;//Pwm_High();
  38   4            delay(66);  
  39   4            M1=0;//Pwm_Low(); 
  40   4            Delayms(19);
  41   4          }
  42   3          in1 = 1;
  43   3          in2 = 0;  // xe di thang
  44   3          delay_ms(1000);
  45   3          
  46   3      //    in4 = 0; 
  47   3      //    delay_ms(1000); // xe di than
  48   3      //    in3 = 1;
  49   3          }
  50   2        }
  51   1      }
  52          void StartRange() {
  53   1          TRIGGER = 1;
  54   1          delay_ms(12);//tao 1 xung len
C51 COMPILER V9.56.0.0   SERVO                                                             12/23/2017 21:24:24 PAGE 2   

  55   1          ECHO = 1;  // set chan ECHO 
  56   1          delay_us(1);
  57   1          TRIGGER = 0;// Bat dau phep do.
  58   1          while(!(ECHO)); // Doi cho den khi chan ECHO duoc keo len ca
  59   1          TR0 = IT0 = EX0 = EA = 1; // Cho phep timer 0 hoat dong // cho phep ngat toan cuc
  60   1      }
  61          
  62          
  63          void SRF05_Init(void) {
  64   1        TRIGGER = 0;
  65   1        TMOD = 0x01;   //timer 0 che do 1 (16bit)
  66   1        TR0 = 1; EX0 = 1; IT0 = 1;       //ngat ngoai 0 che do ngat theo suon
  67   1        EA = 1;          // cho phep ngat toan cuc
  68   1      }
  69          
  70          void ngatngoai0(void)interrupt 0 {
  71   1        distance = TH0;
  72   1        distance <<= 8;
  73   1        distance |= TL0;
  74   1        d = (float) distance/60;
  75   1        TR0 = 0; IT0 = 0; EX0 = 0;                    // Ngung timer
  76   1        TL0 =  0; TH0 = 0;                        // Xoa du lieu trong thanh ghi Timer 0                 
  77   1      }   


MODULE INFORMATION:   STATIC OVERLAYABLE
   CODE SIZE        =    328    ----
   CONSTANT SIZE    =   ----    ----
   XDATA SIZE       =   ----    ----
   PDATA SIZE       =   ----    ----
   DATA SIZE        =     14       2
   IDATA SIZE       =   ----    ----
   BIT SIZE         =   ----    ----
END OF MODULE INFORMATION.


C51 COMPILATION COMPLETE.  0 WARNING(S),  0 ERROR(S)
