C51 COMPILER V9.56.0.0   SERVO2                                                            12/20/2017 13:34:39 PAGE 1   


C51 COMPILER V9.56.0.0, COMPILATION OF MODULE SERVO2
OBJECT MODULE PLACED IN .\Objects\servo2.obj
COMPILER INVOKED BY: C:\Keil_v5\C51\BIN\C51.EXE servo2.c OPTIMIZE(8,SPEED) BROWSE DEBUG OBJECTEXTEND PRINT(.\Listings\se
                    -rvo2.lst) TABS(2) OBJECT(.\Objects\servo2.obj)

line level    source

   1          #include< reg52.h>
   2          void ms1();
   3          void ms1P5();
   4          sbit Pwm_M1=P3^0;  //Input Pin for motor Actuation
   5          
   6          
   7          sbit M1=P3^0;   //Output Pin for motor Actuation (PWM output pin)
   8          
   9          
  10          
  11          void Pwm_Low()    //Generating 18ms delay
  12          {
  13   1      
  14   1      TH0=0xBF;
  15   1      TL0=0x32;
  16   1      TR0=1;       //Run Timer-0
  17   1      while(!TF0); //Wait for T0 Interrupt Flag
  18   1      TF0=0;       //Clear Interrupt Flag
  19   1      TR0=0;       //Stop Timer-0
  20   1      }
  21          
  22          
  23          void Pwm_High()    //Generating 2ms delay
  24          {
  25   1      TH0=0xF8;
  26   1      TL0=0xCC;
  27   1      TR0=1;       //Run Timer-0
  28   1      while(!TF0); //Wait for T0 Interrupt Flag
  29   1      TF0=0;       //Clear Interrupt Flag
  30   1      TR0=0;       //Stop Timer-0
  31   1      }
  32          
  33          void ms1(){             //Generating 1ms delay
  34   1      TH0=0xFC;
  35   1      TL0=0x65;
  36   1      TR0=1;       //Run Timer-0
  37   1      while(!TF0); //Wait for T0 Interrupt Flag
  38   1      TF0=0;       //Clear Interrupt Flag
  39   1      TR0=0;       //Stop Timer-0
  40   1      }
  41          
  42          void ms1P5(){       //Generating 1.5ms delay
  43   1      TH0=0xFA;
  44   1      TL0=0x99;
  45   1      TR0=1;       //Run Timer-0
  46   1      while(!TF0); //Wait for T0 Interrupt Flag
  47   1      TF0=0;       //Clear Interrupt Flag
  48   1      TR0=0;       //Stop Timer-0
  49   1      }
  50          
  51          void main() {
  52   1      unsigned int i=0;
  53   1      
  54   1      P3=0x00;  //**** Port-3 Declared Output
C51 COMPILER V9.56.0.0   SERVO2                                                            12/20/2017 13:34:39 PAGE 2   

  55   1      
  56   1      TMOD=0x01; //Timer-0, As 16-bit Timer.
  57   1      
  58   1      while(1){
  59   2        
  60   2          for(i=0;i<100;i++){ 
  61   3            M1=1;
  62   3            ms1();  
  63   3            M1=0;
  64   3            Pwm_Low();   }
  65   2            
  66   2          for(i=0;i<100;i++){ 
  67   3            M1=1;
  68   3            ms1P5();
  69   3            M1=0;
  70   3            Pwm_Low();   }
  71   2      
  72   2          for(i=0;i<100;i++){ 
  73   3            M1=1;
  74   3            Pwm_High();       
  75   3            M1=0;
  76   3            Pwm_Low();    }
  77   2      
  78   2          for(i=0;i<100;i++){ 
  79   3            M1=1;
  80   3            ms1();  
  81   3            M1=0;
  82   3            Pwm_Low();   }    
  83   2          }
  84   1      
  85   1      }


MODULE INFORMATION:   STATIC OVERLAYABLE
   CODE SIZE        =    164    ----
   CONSTANT SIZE    =   ----    ----
   XDATA SIZE       =   ----    ----
   PDATA SIZE       =   ----    ----
   DATA SIZE        =   ----    ----
   IDATA SIZE       =   ----    ----
   BIT SIZE         =   ----    ----
END OF MODULE INFORMATION.


C51 COMPILATION COMPLETE.  0 WARNING(S),  0 ERROR(S)
