C51 COMPILER V9.56.0.0   L298                                                              12/18/2017 13:51:28 PAGE 1   


C51 COMPILER V9.56.0.0, COMPILATION OF MODULE L298
OBJECT MODULE PLACED IN .\Objects\L298.obj
COMPILER INVOKED BY: C:\Keil_v5\C51\BIN\C51.EXE L298.c OPTIMIZE(8,SPEED) BROWSE DEBUG OBJECTEXTEND PRINT(.\Listings\L298
                    -.lst) TABS(2) OBJECT(.\Objects\L298.obj)

line level    source

   1          #include<reg52.h>
   2          #include "..\..\LIBRARY\delay.h"
   3          
   4          
   5          sbit motor_pin_1 = P2^1;
   6          sbit motor_pin_2 = P2^2;
   7          sbit motor_pin_3 = P2^3;
   8          sbit motor_pin_4 = P2^4;
   9          sbit en1 = P1^0;
  10          sbit en2 = P1^1;
  11          
  12          void main() {
  13   1        do
  14   1        {
  15   2          
  16   2      //    motor_pin_1 = 1; 
  17   2      //    motor_pin_3 = 1; 
  18   2      //    en1 = 1; 
  19   2      
  20   2          motor_pin_4 = 0; //Rotates Motor Anit Clockwise
  21   2          en2 = 1;
  22   2          delay_ms(2000);
  23   2        //  delay();
  24   2        }while(1); 
  25   1      }
  26          


MODULE INFORMATION:   STATIC OVERLAYABLE
   CODE SIZE        =     13    ----
   CONSTANT SIZE    =   ----    ----
   XDATA SIZE       =   ----    ----
   PDATA SIZE       =   ----    ----
   DATA SIZE        =   ----    ----
   IDATA SIZE       =   ----    ----
   BIT SIZE         =   ----    ----
END OF MODULE INFORMATION.


C51 COMPILATION COMPLETE.  0 WARNING(S),  0 ERROR(S)
