C51 COMPILER V9.01   MAIN                                                                  11/06/2014 00:31:03 PAGE 1   


C51 COMPILER V9.01, COMPILATION OF MODULE MAIN
OBJECT MODULE PLACED IN main.OBJ
COMPILER INVOKED BY: C:\Keil\C51\BIN\C51.EXE main.c OMF2 BROWSE DEBUG

line level    source

   1          #include<main.h>
   2          #include<..\lib\delay.h>
   3          #include<..\lib\UartMode1.h>
   4          
   5          
   6          void main()
   7          {
   8   1              char i;
   9   1      
  10   1              Uart_Init();
  11   1      
  12   1              while(1)
  13   1              {
  14   2                      Uart_Write_Text("Nhap vao ky tu in thuong: ");
  15   2                      while(Uart_Data_Ready()==0);
  16   2                      i = Uart_Read();
  17   2                      i = i-32;                                       // Doi sang in hoa
  18   2                      Uart_Write_Text("->");  
  19   2                      Uart_Write(i);
  20   2                      Uart_Write_Text("\r\n");        
  21   2              }
  22   1      }


MODULE INFORMATION:   STATIC OVERLAYABLE
   CODE SIZE        =     54    ----
   CONSTANT SIZE    =     33    ----
   XDATA SIZE       =   ----    ----
   PDATA SIZE       =   ----    ----
   DATA SIZE        =   ----       1
   IDATA SIZE       =   ----    ----
   BIT SIZE         =   ----    ----
   EDATA SIZE       =   ----    ----
   HDATA SIZE       =   ----    ----
   XDATA CONST SIZE =   ----    ----
   FAR CONST SIZE   =   ----    ----
END OF MODULE INFORMATION.


C51 COMPILATION COMPLETE.  0 WARNING(S),  0 ERROR(S)
