C51 COMPILER V9.01   CODE                                                                  08/28/2017 20:53:05 PAGE 1   


C51 COMPILER V9.01, COMPILATION OF MODULE CODE
OBJECT MODULE PLACED IN code.OBJ
COMPILER INVOKED BY: C:\Keil\C51\BIN\C51.EXE code.c BROWSE DEBUG OBJECTEXTEND

line level    source

   1          /***************************************
   2          code dieu khien thiet bi dien trong gd = bluetooth 
   3          youtube.com/gocdiy
   4          Nguoi viet : Dao Van Nguyen
   5          SDT lien he : 0169 473 3311
   6          ****************************************/
   7          
   8          #include <REGX52.H>
   9           unsigned char c;
  10           #define sw1 P2_0
  11           #define sw2 P2_1
  12           #define sw3 P2_2
  13           #define sw4 P2_3
  14          
  15           #define tb1 P1_4
  16           #define tb2 P1_5
  17           #define tb3 P1_6
  18           #define tb4 P1_7
  19          
  20          //ham delay
  21          void delay_ms(int time)
  22          {
  23   1       unsigned int i,j;
  24   1       for(i=0;i<time;i++)
  25   1       {
  26   2         for(j=0;j<123;j++);
  27   2       }
  28   1      }
  29          void batdau()
  30          {
  31   1        TMOD=0x20;
  32   1        SCON=0x50;
  33   1        TH1=0xfd;
  34   1        TR1=1;
  35   1        TI=1;
  36   1        RI=0;
  37   1        EA=ES=1;
  38   1      }
  39          
  40          void UART_ngat() interrupt 4
  41          {
  42   1        if(RI==1)
  43   1        {
  44   2                c=SBUF;         // lay gia tri trong thanh ghi SBUF
  45   2                RI=0;           // xoa co RI
  46   2                     if(c=='A')
  47   2            {
  48   3              tb1=0;
  49   3            }
  50   2            else if(c=='a')
  51   2            {
  52   3              tb1=1;
  53   3            }
  54   2                else if(c=='B')
  55   2            {
C51 COMPILER V9.01   CODE                                                                  08/28/2017 20:53:05 PAGE 2   

  56   3              tb2=0;
  57   3            }
  58   2                else if(c=='b')
  59   2            {
  60   3              tb2=1;
  61   3            }
  62   2                else if(c=='C')
  63   2            {         
  64   3                 tb3=0;
  65   3            }
  66   2                else if(c=='c')
  67   2            {         
  68   3                 tb3=1;
  69   3            }
  70   2                else if(c=='D')
  71   2            {
  72   3                 tb4=0;         
  73   3                }
  74   2                else if(c=='d')
  75   2            {
  76   3                 tb4=1;         
  77   3                }
  78   2                c=0;
  79   2      
  80   2        }
  81   1      } 
  82          
  83          void main()
  84          {
  85   1        batdau();
  86   1        delay_ms(100);
  87   1        while(1)
  88   1        {
  89   2               if(sw1==0)
  90   2               {
  91   3                delay_ms(20);while(sw1==0);
  92   3                tb1=!tb1;
  93   3               }
  94   2               if(sw2==0)
  95   2               {
  96   3                delay_ms(20);while(sw1==0);
  97   3                tb2=!tb2;
  98   3               }
  99   2               if(sw3==0)
 100   2               {
 101   3                delay_ms(20);while(sw1==0);
 102   3                tb3=!tb3;
 103   3               }
 104   2               if(sw4==0)
 105   2               {
 106   3                delay_ms(20);while(sw1==0);
 107   3                tb4=!tb4;
 108   3               }
 109   2        }
 110   1      }


MODULE INFORMATION:   STATIC OVERLAYABLE
   CODE SIZE        =    202    ----
   CONSTANT SIZE    =   ----    ----
   XDATA SIZE       =   ----    ----
   PDATA SIZE       =   ----    ----
C51 COMPILER V9.01   CODE                                                                  08/28/2017 20:53:05 PAGE 3   

   DATA SIZE        =      1    ----
   IDATA SIZE       =   ----    ----
   BIT SIZE         =   ----    ----
END OF MODULE INFORMATION.


C51 COMPILATION COMPLETE.  0 WARNING(S),  0 ERROR(S)
