C51 COMPILER V9.56.0.0   MAIN                                                              01/06/2018 11:52:27 PAGE 1   


C51 COMPILER V9.56.0.0, COMPILATION OF MODULE MAIN
OBJECT MODULE PLACED IN main.OBJ
COMPILER INVOKED BY: C:\Keil_v5\C51\BIN\C51.EXE main.c OPTIMIZE(8,SPEED) BROWSE DEBUG OBJECTEXTEND TABS(2)

line level    source

   1          #include <regx52.h>
   2                           
   3          #define DS18B20_SKIP_ROM      0xCC
   4          #define DS18B20_CONVERT_T     0x44
   5          #define DS18B20_READ_SCRATCHPAD 0xBE  
   6          
   7          sbit DS18B20_PIN = P1^0;
   8          
   9          unsigned char code Code7Seg[] = {0xC0, 0xF9, 0xA4, 0xB0, 0x99, 0x92, 0x82, 0xF8, 0x80, 0x90};
  10          
  11          void T0_Delay_us(unsigned int t)
  12          {
  13   1        unsigned int load_value;
  14   1      
  15   1        load_value = 65536 - t;
  16   1        TH0 = load_value >> 8;
  17   1        TL0 = load_value & 0x00FF;
  18   1        TR0 = 1;
  19   1        while(!TF0);
  20   1        TR0 = 0;
  21   1        TF0 = 0;
  22   1      }
  23          
  24          void Delay_ms(unsigned int t)
  25          {
  26   1        unsigned int x,y;
  27   1        for(x=0;x<t;x++)
  28   1        {
  29   2          for(y=0;y<=123;y++);
  30   2        }
  31   1      }
  32          
  33          // Return 0: Ok
  34          // Return 1: FAIL
  35          unsigned char DS18B20_Reset()
  36          {
  37   1        unsigned char result;
  38   1      
  39   1        DS18B20_PIN = 0;
  40   1        T0_Delay_us(480);
  41   1        
  42   1        DS18B20_PIN = 1;
  43   1        T0_Delay_us(70);
  44   1        
  45   1        result = DS18B20_PIN;
  46   1      
  47   1        T0_Delay_us(410);
  48   1      
  49   1        return result;
  50   1      }
  51          
  52          void DS18B20_Write1()
  53          {
  54   1        DS18B20_PIN = 0;
  55   1        T0_Delay_us(6);
C51 COMPILER V9.56.0.0   MAIN                                                              01/06/2018 11:52:27 PAGE 2   

  56   1      
  57   1        DS18B20_PIN = 1;
  58   1        T0_Delay_us(64);
  59   1      }
  60          
  61          void DS18B20_Write0()
  62          {
  63   1        DS18B20_PIN = 0;
  64   1        T0_Delay_us(60);
  65   1      
  66   1        DS18B20_PIN = 1;
  67   1        T0_Delay_us(10);  
  68   1      }
  69          
  70          void DS18B20_Write_Bit(unsigned char b)
  71          {
  72   1      
  73   1      }
*** WARNING C280 IN LINE 70 OF main.c: 'b': unreferenced local variable
  74          
  75          unsigned char DS18B20_Read_Bit()
  76          {
  77   1        unsigned char result;
  78   1      
  79   1        DS18B20_PIN = 0;
  80   1        T0_Delay_us(6);
  81   1      
  82   1        DS18B20_PIN = 1;
  83   1        T0_Delay_us(9);
  84   1      
  85   1        result = DS18B20_PIN;
  86   1        T0_Delay_us(55);
  87   1      
  88   1        return result;
  89   1      }
  90          
  91          void DS18B20_Write_Byte(unsigned char b)
  92          {
  93   1        unsigned char i = 8;
  94   1      
  95   1        while(i--)
  96   1        {
  97   2          DS18B20_Write_Bit(b & 0x01);
  98   2          b >>= 1;
  99   2        }
 100   1      }
 101          
 102          unsigned char DS18B20_Read_Byte()
 103          {
 104   1        unsigned char i = 8, result = 0;
 105   1      
 106   1        while(i--)
 107   1        {
 108   2          result >>= 1;
 109   2          result |= (DS18B20_Read_Bit()<<7);    
 110   2        }
 111   1          
 112   1        return result;
 113   1      }
 114          
 115          
 116          
C51 COMPILER V9.56.0.0   MAIN                                                              01/06/2018 11:52:27 PAGE 3   

 117          void main()
 118          {
 119   1        unsigned int temp;
 120   1        unsigned char int_part, decimal_part;
 121   1        unsigned char chuc, dvi;
 122   1      
 123   1        TMOD |= 0x01;     // Timer0 hoat dong o che do 1 (dinh thoi, 16 bit)
 124   1      
 125   1        while(1)
 126   1        {
 127   2          while(DS18B20_Reset());
 128   2          DS18B20_Write_Byte(DS18B20_SKIP_ROM);
 129   2          DS18B20_Write_Byte(DS18B20_CONVERT_T);
 130   2      
 131   2          Delay_ms(750);
 132   2      
 133   2          while(DS18B20_Reset());
 134   2          DS18B20_Write_Byte(DS18B20_SKIP_ROM);
 135   2          DS18B20_Write_Byte(DS18B20_READ_SCRATCHPAD);
 136   2      
 137   2          temp = DS18B20_Read_Byte();
 138   2          temp = (DS18B20_Read_Byte() << 8) | temp;
 139   2      
 140   2          int_part = temp >> 4;
 141   2          chuc = int_part / 10;
 142   2          dvi = int_part % 10;
 143   2          
 144   2          decimal_part = temp & 0x000F;
 145   2          decimal_part = decimal_part*10/16;        // Lay con so dau tien cua phan thap phan
 146   2      
 147   2            P0 = Code7Seg[chuc];
 148   2          P2 = Code7Seg[dvi];
 149   2          P3 = Code7Seg[decimal_part];
 150   2        }
 151   1      }


MODULE INFORMATION:   STATIC OVERLAYABLE
   CODE SIZE        =    320    ----
   CONSTANT SIZE    =     10    ----
   XDATA SIZE       =   ----    ----
   PDATA SIZE       =   ----    ----
   DATA SIZE        =   ----       3
   IDATA SIZE       =   ----    ----
   BIT SIZE         =   ----    ----
END OF MODULE INFORMATION.


C51 COMPILATION COMPLETE.  1 WARNING(S),  0 ERROR(S)
