C51 COMPILER V9.56.0.0   I2C                                                               01/06/2018 00:21:17 PAGE 1   


C51 COMPILER V9.56.0.0, COMPILATION OF MODULE I2C
OBJECT MODULE PLACED IN .\Objects\i2c.obj
COMPILER INVOKED BY: C:\Keil_v5\C51\BIN\C51.EXE ..\..\LIBRARY\i2c.c OPTIMIZE(8,SPEED) BROWSE DEBUG OBJECTEXTEND PRINT(.\
                    -Listings\i2c.lst) TABS(2) OBJECT(.\Objects\i2c.obj)

line level    source

   1          #include <regx52.h>
   2          #include "i2c.h"
   3          #include "delay.h"
   4          #include <port.h>
   5          void I2C_start() {
   6   1          SDA = 1;
   7   1          SCL = 1;
   8   1          delay(2);
   9   1          SDA = 0;
  10   1          delay(2);
  11   1          SCL = 0;
  12   1          delay(2);
  13   1      }
  14          void I2C_stop() {
  15   1          SDA = 0;
  16   1          SCL = 1;
  17   1          delay(2);
  18   1          SDA = 1;
  19   1          delay(2);
  20   1          SCL = 0;
  21   1          delay(2);
  22   1      }
  23          void I2C_write(unsigned char d) {
  24   1          unsigned char i;
  25   1          for (i = 0; i < 8; i++) {
  26   2              SDA =  (d & 0x80)?1:0;
  27   2              SCL = 1;
  28   2              delay(2);
  29   2              SCL = 0;
  30   2              d <<= 1;
  31   2          }
  32   1          SCL = 1; // clock cho ACK
  33   1          SCL = 0;
  34   1      }
  35          unsigned char I2C_read(bit ack) {
  36   1          unsigned char i, d = 0;
  37   1          SDA = 1;
  38   1          for (i = 0; i < 8; i++) {
  39   2              SCL = 1;
  40   2              d <<= 1;
  41   2              d |= SDA;
  42   2              SCL = 0;
  43   2              delay(2);
  44   2          }
  45   1          SDA = (ack)?0:1;
  46   1          SCL = 1; // clock cho ack;
  47   1          delay(2);
  48   1          SCL = 0;
  49   1          return d;
  50   1      }


MODULE INFORMATION:   STATIC OVERLAYABLE
   CODE SIZE        =    167    ----
C51 COMPILER V9.56.0.0   I2C                                                               01/06/2018 00:21:17 PAGE 2   

   CONSTANT SIZE    =   ----    ----
   XDATA SIZE       =   ----    ----
   PDATA SIZE       =   ----    ----
   DATA SIZE        =   ----       4
   IDATA SIZE       =   ----    ----
   BIT SIZE         =   ----       1
END OF MODULE INFORMATION.


C51 COMPILATION COMPLETE.  0 WARNING(S),  0 ERROR(S)
