C51 COMPILER V9.52.0.0   MAIN                                                              08/17/2017 10:43:35 PAGE 1   


C51 COMPILER V9.52.0.0, COMPILATION OF MODULE MAIN
OBJECT MODULE PLACED IN main.OBJ
COMPILER INVOKED BY: C:\Keil\C51\BIN\C51.EXE main.c BROWSE DEBUG OBJECTEXTEND TABS(2)

line level    source

   1          #include "main.h"
   2          
   3          /*************
   4          Code remote
   5          Power   = 0x45
   6          Mode    = 0x46
   7          Mute    = 0x47
   8          >||     = 0x44
   9          |<<     = 0x40
  10          >>|     = 0x43
  11          EQ      = 0x07
  12          VOL-    = 0x15
  13          VOL +   = 0x09
  14          0       = 0x16
  15          RPT     = 0x19
  16          U/SD    = 0x0D
  17          1       = 0x0C
  18          2       = 0x18
  19          3       = 0x5E
  20          4       = 0x08
  21          5       = 0x1C
  22          6       = 0x5A
  23          7       = 0x42
  24          8       = 0x52
  25          9       = 0x4A
  26          ****************/
  27          sbit IRIN=P3^2;
  28          
  29          unsigned char IrValue[4];
  30          unsigned char Time;
  31          
  32          void DelayMs(unsigned int x)   
  33          {
  34   1       unsigned char i;
  35   1        while(x--)
  36   1       {
  37   2        for (i = 0; i<13; i++);
  38   2       }
  39   1      }
  40          
  41          void main()
  42          {
  43   1        unsigned char i,j;
  44   1        IT0=1;    //Ngat canh xuong
  45   1        EX0=1;    //Cho phep ngat ngoai INT0
  46   1        EA=1;     //Cho phep nhat toan cuc
  47   1      
  48   1        IRIN=1;
  49   1        while(1)
  50   1        {
  51   2          j = IrValue[2];
  52   2          if(i!=j)
  53   2          {
  54   3            i=j;
  55   3            
C51 COMPILER V9.52.0.0   MAIN                                                              08/17/2017 10:43:35 PAGE 2   

  56   3            if(i == 0x0C) P1_0 = !P1_0;     
  57   3            if(i == 0x18) P1_1 = !P1_1;
  58   3            if(i == 0x5E) P1_2 = !P1_2;
  59   3            if(i == 0x08) P1_3 = !P1_3;
  60   3            if(i == 0x1C) P1_4 = !P1_4;
  61   3            if(i == 0x5A) P1_5 = !P1_5;
  62   3            if(i == 0x42) P1_6 = !P1_6;
  63   3            if(i == 0x52) P1_7 = !P1_7;
  64   3            
  65   3          }
  66   2        }
  67   1      }
  68          
  69          void ReadIr() interrupt 0
  70          {
  71   1        unsigned char j,k;
  72   1        unsigned int err;
  73   1        Time=0;          
  74   1        DelayMs(70);
  75   1      
  76   1        if(IRIN==0)   
  77   1        {  
  78   2          
  79   2          err=1000;       //1000*10us=10ms
  80   2          while((IRIN==0)&&(err>0))       
  81   2          {     
  82   3            DelayMs(1);
  83   3            err--;
  84   3          } 
  85   2          if(IRIN==1)     
  86   2          {
  87   3            err=500;
  88   3            while((IRIN==1)&&(err>0))    
  89   3            {
  90   4              DelayMs(1);
  91   4              err--;
  92   4            }
  93   3            for(k=0;k<4;k++)
  94   3            {       
  95   4              for(j=0;j<8;j++)  
  96   4              {
  97   5      
  98   5                err=60;   
  99   5                while((IRIN==0)&&(err>0))
 100   5      //          while (!IRIN)
 101   5                {
 102   6                  DelayMs(1);
 103   6                  err--;
 104   6                }
 105   5                err=500;
 106   5                while((IRIN==1)&&(err>0))  
 107   5                {
 108   6                  DelayMs(1);//0.14ms
 109   6                  Time++;
 110   6                  err--;
 111   6                  if(Time>30)
 112   6                  {
 113   7                    EX0=1;
 114   7                    return;
 115   7                  }
 116   6                }
 117   5                IrValue[k]>>=1;  
C51 COMPILER V9.52.0.0   MAIN                                                              08/17/2017 10:43:35 PAGE 3   

 118   5                if(Time>=8)     
 119   5                {
 120   6                  IrValue[k]|=0x80;
 121   6                }
 122   5                Time=0;               
 123   5              }
 124   4            }
 125   3          }
 126   2          if(IrValue[2]!=~IrValue[3])
 127   2          {
 128   3            return;
 129   3          }
 130   2        }     
 131   1      }


MODULE INFORMATION:   STATIC OVERLAYABLE
   CODE SIZE        =    331    ----
   CONSTANT SIZE    =   ----    ----
   XDATA SIZE       =   ----    ----
   PDATA SIZE       =   ----    ----
   DATA SIZE        =      5       1
   IDATA SIZE       =   ----    ----
   BIT SIZE         =   ----    ----
END OF MODULE INFORMATION.


C51 COMPILATION COMPLETE.  0 WARNING(S),  0 ERROR(S)
