C51 COMPILER V8.05a   DO_NHIET_DO_BANG_DS18B20                                             10/10/2013 16:57:51 PAGE 1   


C51 COMPILER V8.05a, COMPILATION OF MODULE DO_NHIET_DO_BANG_DS18B20
OBJECT MODULE PLACED IN Do nhiet do bang DS18B20.OBJ
COMPILER INVOKED BY: C:\Keil\C51\BIN\C51.EXE Do nhiet do bang DS18B20.c BROWSE DEBUG OBJECTEXTEND

line level    source

   1          #include <reg52.h>
   2          #include <stdio.h>
   3          #include "lcd4bit.h"
   4          
   5          sbit Mode               = P1^0;
   6          sbit Timer      = P1^1;
   7          sbit Setting    = P1^2;
   8          sbit Up_Down    = P1^3;
   9          sbit Start              = P1^4;
  10          
  11          sbit DQ                 = P2^0;
  12          
  13          sbit Relay              = P2^1;
  14          
  15          //******************************************************************************
  16          #define Run    0
  17          #define Stop   1
  18          char Run_Stop = Stop;
  19          char Index =0,menu = 0;
  20          char buff[20];
  21          unsigned char nhiet_thuc,temp1,temp2;
  22          unsigned char  Status_Low = 30,Status_High = 32;
  23          // dinh nghia bien va hang so tinh do am
  24          int i,doam;     
  25          #define F0      7360
  26          #define F1      5651
  27          unsigned long dem = 0;
  28          unsigned int dem_tg = 0,dem_tg2 = 0;
  29          unsigned long Fx;
  30          unsigned char HMT_Therhold = 10;
  31          // Dinh nghia thoi gian hen gio
  32          #define Timer1   20
  33          #define Timer2   40
  34          #define Timer3   60
  35          unsigned char timer = 0;
  36          unsigned char timer_mode = 0;
  37          char cnt_timer = 0;
  38          unsigned char n=0;      
  39          //******************************************************************************//
  40          void delay(unsigned int i)
  41          {
  42   1              while(i--);
  43   1      }
  44          //******************************************************************************//
  45          void delay_18B20(unsigned int i)
  46          {
  47   1              while(i--);
  48   1      }
  49          //******************************************************************************//
  50          void Init_DS18B20(void) 
  51          {
  52   1               unsigned char x=0;
  53   1               DQ = 1;          
  54   1               delay_18B20(8);           
  55   1               DQ = 0;          
C51 COMPILER V8.05a   DO_NHIET_DO_BANG_DS18B20                                             10/10/2013 16:57:51 PAGE 2   

  56   1               delay_18B20(80); 
  57   1               DQ = 1;          
  58   1               delay_18B20(14);
  59   1               x=DQ;            
  60   1               delay_18B20(20);
  61   1      }
  62          //******************************************************************************//
  63          unsigned char ReadOneChar(void)
  64          {
  65   1              unsigned char i=0;
  66   1              unsigned char dat = 0;
  67   1              for (i=8;i>0;i--)
  68   1               {
  69   2                        DQ = 0; 
  70   2                        dat>>=1;
  71   2                        DQ = 1; 
  72   2                        if(DQ)
  73   2                        dat|=0x80;
  74   2                        delay_18B20(4);
  75   2               }
  76   1              return(dat);
  77   1      }
  78          //******************************************************************************//
  79          void WriteOneChar(unsigned char dat)
  80          {
  81   1              unsigned char i=0;
  82   1              for (i=8; i>0; i--)
  83   1              {
  84   2                      DQ = 0;
  85   2                      DQ = dat&0x01;
  86   2              delay_18B20(5);
  87   2                      DQ = 1;
  88   2              dat>>=1;
  89   2       }
  90   1      }
  91          //******************************************************************************//
  92          unsigned char ReadTemp(void)
  93          {
  94   1              unsigned char a=0;
  95   1              unsigned char b=0;
  96   1              unsigned char t=0;
  97   1              unsigned char kq;
  98   1              Init_DS18B20();
  99   1              WriteOneChar(0xCC);              // cho phep dieu khien truy nhap truc tiep den lenh nho sensor ma khong can gui
             - chuoi ma sensor
 100   1              WriteOneChar(0x44);              // khoi dong qua trinh do va chuyen doi du lieu
 101   1      
 102   1              delay_18B20(100);    
 103   1      
 104   1              Init_DS18B20();
 105   1              WriteOneChar(0xCC); 
 106   1              WriteOneChar(0xBE);         // Cho phep thiet bi doc nd bo nho nhap
 107   1      
 108   1              delay_18B20(100);
 109   1      
 110   1              a=ReadOneChar();    
 111   1              b=ReadOneChar();        
 112   1              kq=b<<4;
 113   1              kq+=(a&0xf0)>>4; 
 114   1              return (kq);
 115   1      }
 116          //******************************************************************************//
C51 COMPILER V8.05a   DO_NHIET_DO_BANG_DS18B20                                             10/10/2013 16:57:51 PAGE 3   

 117          void Read_Actual_Temp(void)
 118          {
 119   1              temp1= ReadTemp();
 120   1              temp2 = ReadTemp();
 121   1              if((temp2<150)&&(temp2>temp1-5)&&(temp2<temp1+5))
 122   1              {
 123   2                      nhiet_thuc = temp2;
 124   2              }
 125   1      }
 126          //******************************************************************************//
 127          void Chon_che_do(void) // Kiem tra phim nhan.
 128          {
 129   1           if(Mode == 0 )
 130   1               {
 131   2                      delay(1000);
 132   2                      if(Mode == 0)
 133   2                      {
 134   3                              while(!Mode);
 135   3                              Run_Stop = Stop;
 136   3                              Index ++;
 137   3                              if(Index ==2) Index = 0;
 138   3                              if(Index ==0) 
 139   3                              {
 140   4                                      cnt_timer = 0;
 141   4                                      LCD_Clear();
 142   4                                      LCD_PrString("Che do Auto");
 143   4                              }
 144   3                              if(Index==1)
 145   3                              {
 146   4                                      LCD_Clear();
 147   4                                      LCD_PrString("Che do hen gio"); 
 148   4                              }
 149   3                 }
 150   2               }
 151   1      }
 152          void Cai_dat(void)
 153          {
 154   1               if((Timer ==0)&&(Index ==  1))         //  chinh thoi gian Manual
 155   1               {
 156   2                      delay(1000);
 157   2                      if(Timer == 0)
 158   2                      {       
 159   3                              while(!Timer);
 160   3                              timer_mode ++;
 161   3                              if(timer_mode == 3) timer_mode = 0;
 162   3                              
 163   3                      }
 164   2                      switch(timer_mode)
 165   2                      {
 166   3                              case 0: timer = Timer1;break;
 167   3                              case 1: timer = Timer2;break;
 168   3                              case 2: timer = Timer3;break;
 169   3                      }
 170   2                      LCD_Clear();
 171   2                      LCD_Position(0,0);
 172   2                      LCD_PrString("Che dong Timer"); 
 173   2                      LCD_Position(1,0);
 174   2                  LCD_PrString("Timer=");
 175   2                  LCD_PrInteger(timer);
 176   2               }
 177   1               if(Start == 0)
 178   1               {
C51 COMPILER V8.05a   DO_NHIET_DO_BANG_DS18B20                                             10/10/2013 16:57:51 PAGE 4   

 179   2                      delay(1000);
 180   2                      if(Start == 0)
 181   2                      {
 182   3                              while(!Start);
 183   3                              Run_Stop = Run;
 184   3                              cnt_timer = 0;
 185   3                      }
 186   2               }
 187   1               if(Setting == 0)
 188   1               {
 189   2                      delay(1000);
 190   2                      if(Setting ==0)
 191   2                      {
 192   3                              while(!Setting);
 193   3                              menu ++;
 194   3                              if(menu == 3) menu = 0;
 195   3      
 196   3                              if(menu == 0)
 197   3                              {
 198   4                              LCD_Clear();
 199   4                                      LCD_Position(0,0);
 200   4                                      LCD_PrString("Nhiet do thap");  
 201   4                                      LCD_Position(1,0);
 202   4                              LCD_PrString("Temp_Low=");
 203   4                              LCD_PrInteger(Status_Low);
 204   4                              }
 205   3                              else if(menu == 1)
 206   3                              {
 207   4                                      LCD_Clear();
 208   4                                      LCD_Position(0,0);
 209   4                                      LCD_PrString("Nhiet do cao");   
 210   4                                      LCD_Position(1,0);
 211   4                              LCD_PrString("Temp_High=");
 212   4                              LCD_PrInteger(Status_High);
 213   4                              }
 214   3                              else
 215   3                              {
 216   4                                      LCD_Clear();
 217   4                                      LCD_Position(0,0);
 218   4                                      LCD_PrString("Nguong do am");   
 219   4                                      LCD_Position(1,0);
 220   4                              LCD_PrString("HMT_Therhold=");
 221   4                              LCD_PrInteger(HMT_Therhold);
 222   4                              }
 223   3                      }
 224   2               }
 225   1               if(Up_Down == 0)
 226   1               {
 227   2                      delay(1000);
 228   2                      if(Up_Down == 0)
 229   2                      {
 230   3                              while(!Up_Down);
 231   3                              if(menu == 0)
 232   3                              {
 233   4                                      if(Status_Low < 100) Status_Low ++;
 234   4                                      LCD_Clear();
 235   4                                      LCD_Position(0,0);
 236   4                                      LCD_PrString("Nhiet do thap");  
 237   4                                      LCD_Position(1,0);
 238   4                              LCD_PrString("Temp_Low=");
 239   4                              LCD_PrInteger(Status_Low);
 240   4                              }  
C51 COMPILER V8.05a   DO_NHIET_DO_BANG_DS18B20                                             10/10/2013 16:57:51 PAGE 5   

 241   3                              else if(menu == 1)
 242   3                              {
 243   4                                      if(Status_High< 100) Status_High ++;
 244   4                                      LCD_Clear();
 245   4                                      LCD_Position(0,0);
 246   4                                      LCD_PrString("Nhiet do cao");   
 247   4                                      LCD_Position(1,0);
 248   4                              LCD_PrString("Temp_High=");
 249   4                              LCD_PrInteger(Status_High);
 250   4                              }
 251   3                              else if(menu == 2)
 252   3                              {
 253   4                                      if(HMT_Therhold<100) HMT_Therhold = HMT_Therhold +10;
 254   4                                      LCD_Clear();
 255   4                                      LCD_Position(0,0);
 256   4                                      LCD_PrString("Nguong do am");   
 257   4                                      LCD_Position(1,0);
 258   4                              LCD_PrString("HMT_Therhold=");
 259   4                              LCD_PrInteger(HMT_Therhold);
 260   4                              }
 261   3                      }
 262   2               }
 263   1              
 264   1      }
 265          
 266          //******************************************************************************//
 267          void doc_cam_bien_HandMode()
 268          {        
 269   1              
 270   1              if(dem_tg>=400)
 271   1              {       
 272   2                      n++;
 273   2                      if(n== 10)
 274   2                      {
 275   3                              if((cnt_timer <timer)&&(doam>HMT_Therhold))
 276   3                              {
 277   4                                      cnt_timer ++;
 278   4                                      Relay = 1;
 279   4                              }
 280   3                              else
 281   3                              {
 282   4                                      Relay = 0;
 283   4                              }
 284   3                              n = 0;
 285   3                      }
 286   2                      Read_Actual_Temp();
 287   2      
 288   2                              LCD_Clear();
 289   2                              LCD_Position(0,0);
 290   2                              LCD_PrString("%=");
 291   2                              LCD_PrInteger(doam);
 292   2                              LCD_PrString(" >< ");
 293   2              
 294   2                              LCD_PrString("oC=");
 295   2                              LCD_PrInteger(nhiet_thuc);
 296   2      
 297   2      
 298   2                              LCD_Position(1,0);
 299   2                              LCD_PrString("Timer =");
 300   2                              LCD_PrInteger(timer - cnt_timer);
 301   2                              
 302   2                      dem_tg = 0;
C51 COMPILER V8.05a   DO_NHIET_DO_BANG_DS18B20                                             10/10/2013 16:57:51 PAGE 6   

 303   2           }
 304   1      }
 305          void doc_cam_bien_AutoMode()
 306          {        
 307   1              
 308   1              if(dem_tg>=400) // cho khoang thoi gian 0.1s
 309   1              {       
 310   2                      Read_Actual_Temp();
 311   2                      if(nhiet_thuc < Status_Low)
 312   2                      {
 313   3                              Relay = 1;
 314   3                      }
 315   2                      if(nhiet_thuc > Status_High)
 316   2                      {
 317   3                              Relay = 0;
 318   3                      }
 319   2      
 320   2                              LCD_Clear();
 321   2                              LCD_Position(0,0);
 322   2                              LCD_PrString(" Che do tu dong");
 323   2                              LCD_Position(1,0);
 324   2                              LCD_PrString("%=");
 325   2                              LCD_PrInteger(doam);
 326   2                              LCD_PrString(" >< ");
 327   2              
 328   2                              LCD_PrString("oC=");
 329   2                              LCD_PrInteger(nhiet_thuc);
 330   2      
 331   2                      dem_tg = 0;
 332   2           }
 333   1      }
 334          void main()
 335          {
 336   1      
 337   1              Init_DS18B20();
 338   1              LCD_Init();
 339   1              LCD_Clear();
 340   1              LCD_PrString("Dang khoi dong...");
 341   1              delay(1000);
 342   1              IE = 0x83; 
 343   1              IT0 = 1;
 344   1              IP=0x01; 
 345   1              TMOD = 0x02; 
 346   1              TH0=TL0=-250;
 347   1              TR0 = 1;
 348   1              nhiet_thuc = ReadTemp();
 349   1      
 350   1              LCD_Clear();
 351   1              LCD_PrString(" Auto/Manual ?");
 352   1      Index = 0;
 353   1      while(1)
 354   1      {
 355   2              Chon_che_do();
 356   2              if(Run_Stop == Run)
 357   2              {
 358   3                      
 359   3                      if(Index == 0)
 360   3                      {
 361   4                         
 362   4                         doc_cam_bien_AutoMode();        
 363   4                      }
 364   3                      else if (Index == 1)
C51 COMPILER V8.05a   DO_NHIET_DO_BANG_DS18B20                                             10/10/2013 16:57:51 PAGE 7   

 365   3                      {
 366   4                              doc_cam_bien_HandMode();
 367   4                      }
 368   3              }
 369   2              else
 370   2              {
 371   3                      cai_dat();
*** WARNING C206 IN LINE 371 OF DO NHIET DO BANG DS18B20.C: 'cai_dat': missing function-prototype
 372   3                      cnt_timer = 0;
 373   3                      Relay = 0;
 374   3              }
 375   2      }
 376   1      
 377   1      }
 378          
 379          void interrupt_EX0(void) interrupt 0
 380          {
 381   1              dem++;
 382   1      }
 383          void interrupt_Timer0(void) interrupt 1
 384          {
 385   1              dem_tg ++;      
 386   1              dem_tg2++;
 387   1              if(dem_tg2>=4000) // cho khoang thoi gian 1s
 388   1              {       
 389   2              
 390   2                      Fx=dem;
 391   2                  doam=(((F0-Fx)*100.0)/(F0-F1));
 392   2                      dem_tg2 = 0;
 393   2                      dem = 0;
 394   2              }
 395   1                      
 396   1      }
 397          


MODULE INFORMATION:   STATIC OVERLAYABLE
   CODE SIZE        =   1460    ----
   CONSTANT SIZE    =    193    ----
   XDATA SIZE       =   ----    ----
   PDATA SIZE       =   ----    ----
   DATA SIZE        =     49       7
   IDATA SIZE       =   ----    ----
   BIT SIZE         =   ----       1
END OF MODULE INFORMATION.


C51 COMPILATION COMPLETE.  1 WARNING(S),  0 ERROR(S)
