C51 COMPILER V9.56.0.0   LCD_8BIT                                                          12/02/2017 10:07:40 PAGE 1   


C51 COMPILER V9.56.0.0, COMPILATION OF MODULE LCD_8BIT
OBJECT MODULE PLACED IN .\Objects\LCD_8bit.obj
COMPILER INVOKED BY: C:\Keil_v5\C51\BIN\C51.EXE LCD_8bit.c OPTIMIZE(8,SPEED) BROWSE DEBUG OBJECTEXTEND PRINT(.\Listings\
                    -LCD_8bit.lst) TABS(2) OBJECT(.\Objects\LCD_8bit.obj)

line level    source

   1          // LCD 8bit , hien thi tren ca 2 dong o vi tri bat ky (DDRAM), DEM SO SU DUNG NGAT NGOAI
   2          #include <reg52.h>
   3          #include <string.h>
   4          #include "..\..\LIBRARY\delay.h"
   5          
   6          sbit RS = P1^5;
   7          sbit RW = P1^6;
   8          sbit EN = P1^7;
   9          void delay(unsigned int t) {
  10   1        while(t--);
  11   1      }
  12          
  13          void init(); //khoi tao
  14          void WriteCommand(unsigned char cmd); // Gui lenh cho LCD
  15          void WriteCharacter(char c); // Gui ky tu
  16          void WriteCharPosition(unsigned char row, unsigned char col, char c); // xuat ky tu ra LCD tai vt hang row
             -, cot col
  17          void WriteString(char *s);
  18          void WriteStringPosition(unsigned char row, unsigned char col, char *s); // xuat chuoi ra LCD tai vt hang 
             -row cot col
  19          void WriteNumber(unsigned long a);
  20          
  21          volatile long i;
  22          
  23          int main(void) {
  24   1        EX0 = 1;
  25   1        EX1 = 1 ;
  26   1        EA = 1;//IE = 0x85; //Ngat ngoai 
  27   1        IT0 = 1;
  28   1        IT1 = 1;
  29   1        init();
  30   1        while (1) {
  31   2          WriteCharPosition(2,1,0x2A);
  32   2          WriteStringPosition(2,3,"DEM SAN PHAM");
  33   2          WriteCharPosition(2,16,0x2A);
  34   2          WriteStringPosition(1,2,"COUNTER = ");
  35   2          WriteCommand(0x8B);
  36   2          WriteNumber(i);
  37   2        }
  38   1      
  39   1        return 0;
  40   1      }
  41          
  42          void UP(void) interrupt 0 {
  43   1        P0 = 0;
  44   1        i++;
  45   1        delay(20);  
  46   1      }
  47          void DOWN(void) interrupt 2 {
  48   1        P0 = 0;
  49   1        i--;
  50   1        delay(145);
  51   1        if (i < 1) i = 0; 
  52   1      }
C51 COMPILER V9.56.0.0   LCD_8BIT                                                          12/02/2017 10:07:40 PAGE 2   

  53          void WriteCommand(unsigned char cmd) {
  54   1        RW = 0;
  55   1        RS = 0;
  56   1        P2 = cmd;
  57   1        EN = 0;
  58   1        EN = 1;
  59   1        if (cmd <= 0x02) delay_ms(2);
  60   1        else delay_ms(1);
  61   1      }
  62          void init() {
  63   1        WriteCommand(0x30);
  64   1        delay_ms(5);
  65   1        WriteCommand(0x30);
  66   1        delay_ms(1);
  67   1        WriteCommand(0x30); 
  68   1        WriteCommand(0x38); //Hien thi 2 line
  69   1        WriteCommand(0x01); //delete LCD
  70   1        WriteCommand(0x0C);//Display and delete cursor  
  71   1        WriteCommand(0x06); //AUTO increment cursor
  72   1      }
  73          void WriteCharacter(char c) {
  74   1        RW = 0;
  75   1        RS = 1;
  76   1        P2 = c;
  77   1        EN = 0;
  78   1        delay_ms(1);
  79   1        EN = 1;
  80   1        delay_ms(1);
  81   1      }
  82          void WriteCharPosition(unsigned char row, unsigned char col, char c) {
  83   1        unsigned char cmd;
  84   1        cmd = (row==1?0x80:0xC0) + col - 1;
  85   1        WriteCommand(cmd);
  86   1        WriteCharacter(c);
  87   1      }
  88          void WriteString(char *s) {
  89   1        while (*s) {
  90   2          WriteCharacter(*s++);
  91   2        }
  92   1      }
  93          void WriteStringPosition(unsigned char row, unsigned char col, char *s) {
  94   1        unsigned char cmd;
  95   1        cmd = (row==1?0x80:0xC0) + col - 1;
  96   1        WriteCommand(cmd);
  97   1        WriteString(s);
  98   1      }
  99          
 100          void WriteNumber(unsigned long a) {
 101   1        if (a != 0) {
 102   2          unsigned char x[6];
 103   2          int k;
 104   2          for (k = 0; a > 0; k++) {
 105   3            x[k] = (a%10) + 48;
 106   3            a = a/10;
 107   3          }
 108   2          x[k] = '\0';
 109   2          for (k = strlen(x)-1; k >= 0; k--) {
 110   3            WriteCharacter(x[k]);
 111   3          }
 112   2          WriteCharacter(' ');
 113   2        }
 114   1        else WriteCharacter('0');
C51 COMPILER V9.56.0.0   LCD_8BIT                                                          12/02/2017 10:07:40 PAGE 3   

 115   1      }
*** WARNING C294 IN LINE 39 OF LCD_8bit.c: unreachable code


MODULE INFORMATION:   STATIC OVERLAYABLE
   CODE SIZE        =    664    ----
   CONSTANT SIZE    =     24    ----
   XDATA SIZE       =   ----    ----
   PDATA SIZE       =   ----    ----
   DATA SIZE        =      4      19
   IDATA SIZE       =   ----    ----
   BIT SIZE         =   ----    ----
END OF MODULE INFORMATION.


C51 COMPILATION COMPLETE.  1 WARNING(S),  0 ERROR(S)
