C51 COMPILER V9.56.0.0   LCD_SHIFTLEFT                                                     12/09/2017 10:32:47 PAGE 1   


C51 COMPILER V9.56.0.0, COMPILATION OF MODULE LCD_SHIFTLEFT
OBJECT MODULE PLACED IN .\Objects\LCD_ShiftLeft.obj
COMPILER INVOKED BY: C:\Keil_v5\C51\BIN\C51.EXE LCD_ShiftLeft.c OPTIMIZE(8,SPEED) BROWSE DEBUG OBJECTEXTEND PRINT(.\List
                    -ings\LCD_ShiftLeft.lst) TABS(2) OBJECT(.\Objects\LCD_ShiftLeft.obj)

line level    source

   1          // 1 HANG DICH trai, 1 HANG DUNG IM
   2          #include <reg52.h>
   3          #include <string.h>
   4          
   5          sbit RS = P0^5;
   6          sbit RW = P0^6;
   7          sbit EN = P0^7;
   8          
   9          void delay_ms(unsigned int t);
  10          void WriteCommand(unsigned char cmd);
  11          void init();
  12          void WriteChar(char c);
  13          void WriteString(char *s);
  14          void ShiftLeft(char *s, char *s2);
  15          
  16          char chuoi1[] = "VNU - HANOI UNIVERSITY OF SCIENCE";
  17          char chuoi2[] = "BAC";
  18          
  19          int main() {
  20   1        
  21   1          init();
  22   1      
  23   1          WriteCommand(0xC1);
  24   1          WriteString(chuoi2);
  25   1          ShiftLeft(chuoi1,chuoi2);
  26   1        
  27   1          return 0;
  28   1      }
  29          
  30          void WriteCommand(unsigned char cmd) {
  31   1          RS = 0;
  32   1          RW = 0;
  33   1          P2 = cmd;
  34   1          EN = 0;
  35   1          EN = 1;
  36   1          delay_ms(2);
  37   1      }
  38          void init() {
  39   1          WriteCommand(0x30);
  40   1          delay_ms(5);
  41   1          WriteCommand(0x30);
  42   1          delay_ms(1);
  43   1          WriteCommand(0x38);
  44   1          WriteCommand(0x01);
  45   1          WriteCommand(0x0C);
  46   1        //  WriteCommand(0x06);
  47   1      }
  48          void WriteChar(char c) {
  49   1          RS = 1;
  50   1          RW = 0;
  51   1          P2 = c;
  52   1          EN = 0;
  53   1          EN = 1;
  54   1          delay_ms(1);
C51 COMPILER V9.56.0.0   LCD_SHIFTLEFT                                                     12/09/2017 10:32:47 PAGE 2   

  55   1      }
  56          
  57          void WriteString(char *s) {
  58   1          while (*s) {
  59   2                WriteChar(*s++);
  60   2          }
  61   1      }
  62          void ShiftLeft(char *s, char *s2) {
  63   1          unsigned char j, i, c, n;
  64   1          n = strlen(s)-1; j = 0; c = 15;
  65   1          while (c) {
  66   2              WriteCommand(0x80+c);
  67   2              for (i = 0; i <= j; i++) {
  68   3                WriteChar(s[i]);
  69   3              }
  70   2              WriteCommand(0xC1);
  71   2              WriteString(s2);
  72   2              delay_ms(600);
  73   2              WriteCommand(0x01);
  74   2              WriteCommand(0xC1);
  75   2              WriteString(s2);
  76   2              c--; j++;
  77   2          }
  78   1          while (c <= n) {
  79   2              WriteCommand(0x80);
  80   2              for (i = c; i <= n; i++) {
  81   3                  WriteChar(s[i]);//in tu ky tu thu i den ky tu thu n
  82   3              }
  83   2              WriteCommand(0xC1);
  84   2              WriteString(s2);
  85   2              delay_ms(600);
  86   2              WriteCommand(0x01);
  87   2              WriteCommand(0xC1);
  88   2              WriteString(s2);
  89   2              c++;
  90   2          }
  91   1      }
  92          void delay_ms(unsigned int t) {
  93   1        unsigned int x, y;
  94   1        for (x = 0; x < t; x++)
  95   1          for (y = 0; y < 123; y++);
  96   1      }


MODULE INFORMATION:   STATIC OVERLAYABLE
   CODE SIZE        =    345    ----
   CONSTANT SIZE    =   ----    ----
   XDATA SIZE       =   ----    ----
   PDATA SIZE       =   ----    ----
   DATA SIZE        =     38      13
   IDATA SIZE       =   ----    ----
   BIT SIZE         =   ----    ----
END OF MODULE INFORMATION.


C51 COMPILATION COMPLETE.  0 WARNING(S),  0 ERROR(S)
