C51 COMPILER V9.56.0.0   SENDCHARACTER                                                     11/06/2017 08:22:57 PAGE 1   


C51 COMPILER V9.56.0.0, COMPILATION OF MODULE SENDCHARACTER
OBJECT MODULE PLACED IN .\Objects\SendCharacter.obj
COMPILER INVOKED BY: C:\Keil_v5\C51\BIN\C51.EXE SendCharacter.c OPTIMIZE(8,SPEED) BROWSE DEBUG OBJECTEXTEND PRINT(.\List
                    -ings\SendCharacter.lst) TABS(5) OBJECT(.\Objects\SendCharacter.obj)

line level    source

   1          //send a character to PC
   2          #include <reg52.h>
   3          
   4          void send(unsigned char x);
   5          
   6          main() { 
   7   1      
   8   1           TMOD = 0x20; // TIMER 1 CHE DO 2 8 BIT
   9   1           TH1 = 0xFA; // TOC DO BAUD = 4800
  10   1           SCON = 0x50; // UART che do 1, REN = 1
  11   1           TR1 = 1; // START TIMER 1
  12   1           while (1) {
  13   2                send('H');
  14   2                send('I');
  15   2                send('E');
  16   2                send('U');
  17   2                send(' ');
  18   2           }
  19   1      }
  20          void send(unsigned char x) {
  21   1           SBUF = x;
  22   1           while (TI == 0) {}
  23   1           TI = 0;
  24   1      }


MODULE INFORMATION:   STATIC OVERLAYABLE
   CODE SIZE        =     46    ----
   CONSTANT SIZE    =   ----    ----
   XDATA SIZE       =   ----    ----
   PDATA SIZE       =   ----    ----
   DATA SIZE        =   ----    ----
   IDATA SIZE       =   ----    ----
   BIT SIZE         =   ----    ----
END OF MODULE INFORMATION.


C51 COMPILATION COMPLETE.  0 WARNING(S),  0 ERROR(S)
