C51 COMPILER V9.56.0.0   ROBOT                                                             12/18/2017 16:14:50 PAGE 1   


C51 COMPILER V9.56.0.0, COMPILATION OF MODULE ROBOT
OBJECT MODULE PLACED IN .\Objects\robot.obj
COMPILER INVOKED BY: C:\Keil_v5\C51\BIN\C51.EXE robot.c OPTIMIZE(8,SPEED) BROWSE DEBUG OBJECTEXTEND PRINT(.\Listings\rob
                    -ot.lst) TABS(2) OBJECT(.\Objects\robot.obj)

line level    source

   1          #include< reg52.h>
   2          #include "..\..\LIBRARY\delay.h"
   3          
   4          void StartRange();
   5          void SRF05_Init(void);
   6          void delay(unsigned int t) {
   7   1        while (t--);
   8   1      }
   9          sbit M1=P3^7;   //Output Pin for motor Actuation (PWM output pin)
  10          sbit TRIGGER = P3^5;
  11          sbit ECHO = P3^2;
  12          sbit in1 = P0^0;
  13          sbit in2 = P0^1;
  14          sbit in3 = P2^3;
  15          sbit in4 = P2^4;
  16          
  17          unsigned int distance;
  18          float d;
  19          
  20          main() {
  21   1        unsigned int i=0;
  22   1        SRF05_Init();
  23   1        while (1) {
  24   2        StartRange(); 
  25   2        if (d >= 12.0) { // neu khoang cach > 12 thi xe tiep tuc di thang
  26   3          // dong co servo quay goc 90 do
  27   3            while (d >= 12) {
  28   4                M1=1;//Pwm_High();
  29   4                delay(125); 
  30   4                M1=0;//Pwm_Low(); 
  31   4                delay_ms(18.5);
  32   4                in1 = 1; in3 = 1; // di thang
  33   4                in2 = 0; in4 = 0;
  34   4                delay_ms(2000);
  35   4                if (d < 12.0) {
  36   5                  in1 = 0; in3 = 0;  //stop
  37   5                  in2 = 0; in4 = 0;
  38   5                  while (d < 12.0) {  // neu kc < 12 thi xe dung lai
  39   6                    in1 = 0; in3 = 0; 
  40   6                    in2 = 0; in4 = 0;
  41   6                    for(i=0;i<30;i++){  
  42   7                      M1=1;//Pwm_High(); // quay servo sang phai de kiem tra
  43   7                      delay(50);
  44   7                      M1=0;//Pwm_Low(); 
  45   7                      delay_ms(19);
  46   7                    }
  47   6                    if (d >= 12.0) {
  48   7                      in1 = 1; in3 = 0; //re phai
  49   7                      in2 = 0; in4 = 0;
  50   7                      delay_ms(2000);
  51   7                    }
  52   6                    else {
  53   7                    for(i=0;i<30;i++){  
  54   8                      M1=1;//Pwm_High(); //quay servo sang trai
C51 COMPILER V9.56.0.0   ROBOT                                                             12/18/2017 16:14:50 PAGE 2   

  55   8                      delay_ms(3);  
  56   8                      M1=0;//Pwm_Low(); 
  57   8                      delay_ms(17);
  58   8                    }
  59   7                    if (d >= 12.0) {
  60   8                      in1 = 0; in3 = 1; // re trai
  61   8                      in2 = 0; in4 = 0;
  62   8                      delay_ms(2000);
  63   8                    }
  64   7                    else {
  65   8                      in2 = 1; in4 = 1; //lui
  66   8                      in1 = 0; in3 = 0;
  67   8                    }
  68   7                  }
  69   6                }   
  70   5              }
  71   4          }
  72   3        }
  73   2      }
  74   1      }
  75            
  76          
  77          void StartRange() {
  78   1          TRIGGER = 1;
  79   1          delay_ms(12);//tao 1 xung len
  80   1          ECHO = 1;  // set chan ECHO 
  81   1          delay_us(1);
  82   1          TRIGGER = 0;// Bat dau phep do.
  83   1          while(!(ECHO)); // Doi cho den khi chan ECHO duoc keo len ca
  84   1          TR0 = IT0 = EX0 = EA = 1; // Cho phep timer 0 hoat dong // cho phep ngat toan cuc
  85   1      }
  86          
  87          
  88          void SRF05_Init(void) {
  89   1        TRIGGER = 0;
  90   1        TMOD = 0x01;   //timer 0 che do 1 (16bit)
  91   1        TR0 = 1; EX0 = 1; IT0 = 1;       //ngat ngoai 0 che do ngat theo suon
  92   1        EA = 1;          // cho phep ngat toan cuc
  93   1      }
  94          
  95          void ngatngoai0(void)interrupt 0 {
  96   1        distance = TH0;
  97   1        distance <<= 8;
  98   1        distance |= TL0;
  99   1        d = (float) distance/60;
 100   1        TR0 = 0; IT0 = 0; EX0 = 0;                    // Ngung timer
 101   1        TL0 =  0; TH0 = 0;                        // Xoa du lieu trong thanh ghi Timer 0                 
 102   1      }  


MODULE INFORMATION:   STATIC OVERLAYABLE
   CODE SIZE        =    465    ----
   CONSTANT SIZE    =   ----    ----
   XDATA SIZE       =   ----    ----
   PDATA SIZE       =   ----    ----
   DATA SIZE        =      6       2
   IDATA SIZE       =   ----    ----
   BIT SIZE         =   ----    ----
END OF MODULE INFORMATION.


C51 COMPILATION COMPLETE.  0 WARNING(S),  0 ERROR(S)
