C51 COMPILER V9.56.0.0   I2C_DS3231                                                        12/23/2017 13:08:19 PAGE 1   


C51 COMPILER V9.56.0.0, COMPILATION OF MODULE I2C_DS3231
OBJECT MODULE PLACED IN .\Objects\I2C_DS3231.obj
COMPILER INVOKED BY: C:\Keil_v5\C51\BIN\C51.EXE I2C_DS3231.c OPTIMIZE(8,SPEED) BROWSE DEBUG OBJECTEXTEND PRINT(.\Listing
                    -s\I2C_DS3231.lst) TABS(2) OBJECT(.\Objects\I2C_DS3231.obj)

line level    source

   1          #include <regx52.h>
   2          #include <stdio.h>
   3          #include <string.h>
   4          #include "..\..\LIBRARY\delay.h"
   5          
   6          sbit tang = P3^6;
   7          sbit giam = P3^7;
   8          sbit RS = P2^0;
   9          sbit RW = P2^1;
  10          sbit EN = P2^2;
  11          
  12          sbit SCL = P3^0;
  13          sbit SDA = P3^1;
  14          
  15          void LCD_init(); //khoi tao
  16          void WriteCommand(unsigned char cmd); // Gui lenh cho LCD
  17          void WriteChar(char c); // Gui ky tu
  18          void WriteString(char *s); //GUI CHUOI
  19          void delay(unsigned int t);
  20          
  21          void I2C_start();
  22          void I2C_stop();
  23          void I2C_write(unsigned char d);
  24          unsigned char I2C_read(bit ack);
  25          
  26          unsigned char DS3231_read(unsigned char a);
  27          void DS3231_write(unsigned char a,unsigned char d);
  28          
  29          unsigned char Time[15], D[15];
  30          volatile char c = 0;
  31          char sec, min, hour, date, month, year, i, j, k;
  32          
  33          main() {
  34   1          
  35   1          SCL = 1;
  36   1          delay(2);
  37   1          SDA = 1;
  38   1          LCD_init();
  39   1          EX0 = 1; EA = 1; //NGAT NGOAI 
  40   1          IT0 = 1; // NGAT THEO SUON
  41   1        //  DS3231_write(0x0E,0x04);
  42   1          while (1) {
  43   2            if (c == 1) {
  44   3              while (c == 1) {
  45   4                if (!(tang)) {
  46   5                delay_ms(20);
  47   5                while (!(tang)) {
  48   6                    i++;
  49   6                    WriteCommand(0x01);
  50   6                    do {} while (!(tang));
  51   6                }
  52   5                }
  53   4                if (!(giam)) {
  54   5                delay_ms(20);
C51 COMPILER V9.56.0.0   I2C_DS3231                                                        12/23/2017 13:08:19 PAGE 2   

  55   5                while (!(giam)) {
  56   6                    i--;
  57   6                    WriteCommand(0x01);
  58   6                    do {} while (!(giam));
  59   6                }
  60   5                }
  61   4                if (i == 24) i = 0;
  62   4                if (i == -1) i = 23;
  63   4                DS3231_write(0x02,i);
  64   4                hour = DS3231_read(0x02);
  65   4                WriteCommand(0x80);
  66   4                sprintf(Time,"Time %bu", hour);
  67   4                WriteString(Time);
  68   4                date = DS3231_read(0x04);
  69   4                month = DS3231_read(0x05);
  70   4                year = DS3231_read(0x06);
  71   4                WriteCommand(0xC0);
  72   4                sprintf(D,"Date %bu/%bu/20%bu", date, month, year);
  73   4                WriteString(D);
  74   4            } 
  75   3            }
  76   2            if (c == 2) {
  77   3              while (c == 2) {
  78   4                if (!(tang)) {
  79   5                delay_ms(20);
  80   5                while (!(tang)) {
  81   6                    j++;
  82   6                    WriteCommand(0x01);
  83   6                    do {} while (!(tang));
  84   6                }
  85   5                }
  86   4                if (!(giam)) {
  87   5                delay_ms(20);
  88   5                while (!(giam)) {
  89   6                    j--;
  90   6                    WriteCommand(0x01);
  91   6                    do {} while (!(giam));
  92   6                }
  93   5                }
  94   4                if (j == 60) j = 0;
  95   4                if (j == -1) j = 59;
  96   4                DS3231_write(0x01,j);
  97   4                hour = DS3231_read(0x02);
  98   4                min = DS3231_read(0x01);
  99   4                WriteCommand(0x80);
 100   4                sprintf(Time,"Time %bu:%bu", hour, min);
 101   4                WriteString(Time);
 102   4                date = DS3231_read(0x04);
 103   4                month = DS3231_read(0x05);
 104   4                year = DS3231_read(0x06);
 105   4                WriteCommand(0xC0);
 106   4                sprintf(D,"Date %bu/%bu/20%bu", date, month, year);
 107   4                WriteString(D);
 108   4            }
 109   3            }
 110   2            if (c == 3) {
 111   3              while (c == 3) {
 112   4                if (!(tang)) {
 113   5                delay_ms(20);
 114   5                while (!(tang)) {
 115   6                    k++;
 116   6                    WriteCommand(0x01);
C51 COMPILER V9.56.0.0   I2C_DS3231                                                        12/23/2017 13:08:19 PAGE 3   

 117   6                    do {} while (!(tang));
 118   6                }
 119   5                }
 120   4                if (!(giam)) {
 121   5                delay_ms(20);
 122   5                while (!(giam)) {
 123   6                    k--;
 124   6                    WriteCommand(0x01);
 125   6                    do {} while (!(giam));
 126   6                }
 127   5                }
 128   4                if (k == 60) k = 0;
 129   4                if (k == -1) k = 59;
 130   4                DS3231_write(0x00,k);
 131   4                hour = DS3231_read(0x02);
 132   4                min = DS3231_read(0x01);
 133   4                sec = DS3231_read(0x00);
 134   4                WriteCommand(0x80);
 135   4                sprintf(Time,"Time %bu:%bu:%bu", hour, min, sec);
 136   4                WriteString(Time);
 137   4                date = DS3231_read(0x04);
 138   4                month = DS3231_read(0x05);
 139   4                year = DS3231_read(0x06);
 140   4                WriteCommand(0xC0);
 141   4                sprintf(D,"Date %bu/%bu/20%bu", date, month, year);
 142   4                WriteString(D);
 143   4            } 
 144   3            }
 145   2            
 146   2            if (c == 4) c = 0;
 147   2            while (c==0) {
 148   3                hour = DS3231_read(0x02);
 149   3                min = DS3231_read(0x01);
 150   3                sec = DS3231_read(0x00);
 151   3                WriteCommand(0x80);
 152   3                sprintf(Time,"Time %bu:%bu:%bu", hour, min, sec);
 153   3                WriteString(Time);
 154   3                date = DS3231_read(0x04);
 155   3                month = DS3231_read(0x05);
 156   3                year = DS3231_read(0x06);
 157   3                WriteCommand(0xC0);
 158   3                sprintf(D,"Date %bu/%bu/20%bu", date, month, year);
 159   3                WriteString(D); 
 160   3            }
 161   2          }
 162   1      }
 163          void mode(void) interrupt 0 {
 164   1          c++;
 165   1      }
 166          
 167          void DS3231_write(unsigned char a,unsigned char d) {
 168   1          d = ((d/10)<<4 | (d%10)); //  dec to BCD 
 169   1          I2C_start();
 170   1          I2C_write(0xD0); // Dia chi cua ds3231
 171   1          I2C_write(a);
 172   1          I2C_write(d);
 173   1          I2C_stop();
 174   1      }
 175          unsigned char DS3231_read(unsigned char a) {
 176   1          unsigned int d;
 177   1          I2C_start();
 178   1          I2C_write(0xD0); // DIA CHI CUA DS3231 la 0x68, dich trai 1 bit de gui bit R/W (0) => OxDO
C51 COMPILER V9.56.0.0   I2C_DS3231                                                        12/23/2017 13:08:19 PAGE 4   

 179   1          I2C_write(a); // GUI DIA CHI CUA THANH GHI
 180   1          I2C_start(); // KHOI DONG LAI
 181   1          I2C_write(0xD1); // READ (R/W = 1)
 182   1          d = I2C_read(0);
 183   1          I2C_stop();
 184   1          d = ((d>>4)*10 + (d&0x0F)); // Chuyen doi ma BCD sang dec
 185   1          return d;
 186   1      }
 187          void I2C_start() {
 188   1          SDA = 1;
 189   1          SCL = 1;
 190   1          delay(2);
 191   1          SDA = 0;
 192   1          delay(2);
 193   1          SCL = 0;
 194   1          delay(2);
 195   1      }
 196          void I2C_stop() {
 197   1          SDA = 0;
 198   1          SCL = 1;
 199   1          delay(2);
 200   1          SDA = 1;
 201   1          delay(2);
 202   1          SCL = 0;
 203   1          delay(2);
 204   1      }
 205          void I2C_write(unsigned char d) {
 206   1          unsigned char i;
 207   1          for (i = 0; i < 8; i++) {
 208   2              SDA =  (d & 0x80)?1:0;
 209   2              SCL = 1;
 210   2              delay(2);
 211   2              SCL = 0;
 212   2              d <<= 1;
 213   2          }
 214   1          SCL = 1; // clock cho ACK
 215   1          SCL = 0;
 216   1      }
 217          unsigned char I2C_read(bit ack) {
 218   1          unsigned char i, d = 0;
 219   1          SDA = 1;
 220   1          for (i = 0; i < 8; i++) {
 221   2              SCL = 1;
 222   2              d <<= 1;
 223   2              d |= SDA;
 224   2              SCL = 0;
 225   2              delay(2);
 226   2          }
 227   1          SDA = (ack)?0:1;
 228   1          SCL = 1; // clock cho ack;
 229   1          delay(2);
 230   1          SCL = 0;
 231   1          return d;
 232   1      }
 233          
 234          void WriteCommand(unsigned char cmd) {
 235   1          P2 = (cmd & 0xF0); // gui 4 bit cao truoc
 236   1          RS = 0; // Gui/nhan lenh
 237   1          RW = 0; // Gui
 238   1          EN = 1; delay(20); EN = 0;
 239   1          delay(150);
 240   1          P2 = ((cmd << 4) & 0xF0); // gui 4 bit thap
C51 COMPILER V9.56.0.0   I2C_DS3231                                                        12/23/2017 13:08:19 PAGE 5   

 241   1          RS = 0; RW = 0;
 242   1          EN = 1; delay(20); EN = 0;
 243   1          delay(150);
 244   1      }
 245          
 246          void LCD_init() {
 247   1          P2 = 0x00;
 248   1          delay_ms(1);
 249   1          WriteCommand(0x03);
 250   1          WriteCommand(0x02);        // Initialize Lcd in 4-bit mode
 251   1          WriteCommand(0x28);        
 252   1          WriteCommand(0x01);        // Clear 
 253   1          WriteCommand(0x0E);
 254   1      }
 255              
 256          void WriteChar(char c) {
 257   1          P2 = (c & 0xF0);
 258   1          RS = 1; // Gui/nhan du lieu
 259   1          RW = 0; // Gui
 260   1          EN = 1; delay(10); EN = 0;
 261   1          delay(100);
 262   1          P2 = ((c << 4) & 0xF0);
 263   1          RS = 1; RW = 0;
 264   1          EN = 1; delay(10); EN = 0;
 265   1          delay(100);
 266   1      }
 267          void WriteString(char *s) {
 268   1          while (*s) {
 269   2              WriteChar(*s++);
 270   2          }
 271   1      }
 272          
 273          void delay(unsigned int t) {
 274   1          while(t--);
 275   1      }


MODULE INFORMATION:   STATIC OVERLAYABLE
   CODE SIZE        =   1192    ----
   CONSTANT SIZE    =     58    ----
   XDATA SIZE       =   ----    ----
   PDATA SIZE       =   ----    ----
   DATA SIZE        =     40      14
   IDATA SIZE       =   ----    ----
   BIT SIZE         =   ----       1
END OF MODULE INFORMATION.


C51 COMPILATION COMPLETE.  0 WARNING(S),  0 ERROR(S)
