C51 COMPILER V9.56.0.0   I2C_DS3231_                                                       12/16/2017 22:47:06 PAGE 1   


C51 COMPILER V9.56.0.0, COMPILATION OF MODULE I2C_DS3231_
OBJECT MODULE PLACED IN .\Objects\I2C_DS3231_.obj
COMPILER INVOKED BY: C:\Keil_v5\C51\BIN\C51.EXE I2C_DS3231_.c OPTIMIZE(8,SPEED) BROWSE DEBUG OBJECTEXTEND PRINT(.\Listin
                    -gs\I2C_DS3231_.lst) TABS(2) OBJECT(.\Objects\I2C_DS3231_.obj)

line level    source

   1          #include <regx52.h>
   2          #include "..\..\LIBRARY\delay.h"
   3          
   4          sbit RS = P2^0;
   5          sbit RW = P2^1;
   6          sbit EN = P2^2;
   7          
   8          sbit SCL = P3^0;
   9          sbit SDA = P3^1;
  10          
  11          void LCD_init(); //khoi tao
  12          void WriteCommand(unsigned char cmd); // Gui lenh cho LCD
  13          void WriteChar(char c); // Gui ky tu
  14          void WriteString(char *s); //GUI CHUOI
  15          void delay(unsigned int t);
  16          
  17          void I2C_start();
  18          void I2C_stop();
  19          void I2C_write(unsigned char d);
  20          unsigned char I2C_read(bit ack);
  21          
  22          void DS3231_write(unsigned char a,unsigned char d);
  23          unsigned char DS3231_read(unsigned char a);
  24          
  25          char m;
  26          
  27          main() {
  28   1          SCL = 1;
  29   1          delay(2);
  30   1          SDA = 1;
  31   1          LCD_init();
  32   1          WriteCommand(0x85);
  33   1          WriteString("VNU");
  34   1          DS3231_write(0x0E,0x00);
  35   1          while (1) {
  36   2      
  37   2          }   
  38   1      }
  39          void DS3231_write(unsigned char a,unsigned char d) {
  40   1          I2C_start();
  41   1          I2C_write(0xD0); // Dia chi cua ds3231
  42   1          I2C_write(a);
  43   1          I2C_write(d);
  44   1          I2C_stop();
  45   1      }
  46          unsigned char DS3231_read(unsigned char a) {
  47   1          unsigned int d;
  48   1          I2C_start();
  49   1          I2C_write(0xD0); // DIA CHI CUA DS3231 (WRITE)
  50   1          I2C_write(a); // GUI DIA CHI CUA THANH GHI
  51   1          I2C_start(); // KHOI DONG LAI
  52   1          I2C_write(0xD1); // READ
  53   1          d = I2C_read(0);
  54   1          I2C_stop();
C51 COMPILER V9.56.0.0   I2C_DS3231_                                                       12/16/2017 22:47:06 PAGE 2   

  55   1          return d;
  56   1      }
  57          void I2C_start() {
  58   1          SDA = 1;
  59   1          SCL = 1;
  60   1          delay(2);
  61   1          SDA = 0;
  62   1          delay(2);
  63   1          SCL = 0;
  64   1          delay(2);
  65   1      }
  66          void I2C_stop() {
  67   1          SDA = 0;
  68   1          SCL = 1;
  69   1          delay(2);
  70   1          SDA = 1;
  71   1          delay(2);
  72   1          SCL = 0;
  73   1          delay(2);
  74   1      }
  75          void I2C_write(unsigned char d) {
  76   1          unsigned char i;
  77   1          for (i = 0; i < 8; i++) {
  78   2              SDA =  (d & 0x80)?1:0;
  79   2              SCL = 1;
  80   2              delay(2);
  81   2              SCL = 0;
  82   2              d <<= 1;
  83   2          }
  84   1          SCL = 1; // clock cho ACK
  85   1          SCL = 0;
  86   1      }
  87          unsigned char I2C_read(bit ack) {
  88   1          unsigned char i, d = 0;
  89   1          SDA = 1;
  90   1          for (i = 0; i < 8; i++) {
  91   2              SCL = 1;
  92   2              d <<= 1;
  93   2              d |= SDA;
  94   2              SCL = 0;
  95   2              delay(2);
  96   2          }
  97   1          SDA = (ack)?0:1;
  98   1          SCL = 1; // clock cho ack;
  99   1          delay(2);
 100   1          SCL = 0;
 101   1          return d;
 102   1      }
 103          
 104          void WriteCommand(unsigned char cmd) {
 105   1          P2 = (cmd & 0xF0); // gui 4 bit cao truoc
 106   1          RS = 0; // Gui/nhan lenh
 107   1          RW = 0; // Gui
 108   1          EN = 1; delay(20); EN = 0;
 109   1          delay(150);
 110   1          P2 = ((cmd << 4) & 0xF0); // gui 4 bit thap
 111   1          RS = 0; RW = 0;
 112   1          EN = 1; delay(20); EN = 0;
 113   1          delay(150);
 114   1      }
 115          
 116          void LCD_init() {
C51 COMPILER V9.56.0.0   I2C_DS3231_                                                       12/16/2017 22:47:06 PAGE 3   

 117   1          P2 = 0x00;
 118   1          delay_ms(1);
 119   1          WriteCommand(0x03);
 120   1          WriteCommand(0x02);        // Initialize Lcd in 4-bit mode
 121   1          WriteCommand(0x28);        
 122   1          WriteCommand(0x01);        // Clear 
 123   1          WriteCommand(0x0C);
 124   1      }
 125              
 126          void WriteChar(char c) {
 127   1          P2 = (c & 0xF0);
 128   1          RS = 1; // Gui/nhan du lieu
 129   1          RW = 0; // Gui
 130   1          EN = 1; delay(10); EN = 0;
 131   1          delay(100);
 132   1          P2 = ((c << 4) & 0xF0);
 133   1          RS = 1; RW = 0;
 134   1          EN = 1; delay(10); EN = 0;
 135   1          delay(100);
 136   1      }
 137          void WriteString(char *s) {
 138   1          while (*s) {
 139   2              WriteChar(*s++);
 140   2          }
 141   1      }
 142          
 143          void delay(unsigned int t) {
 144   1          while(t--);
 145   1      }


MODULE INFORMATION:   STATIC OVERLAYABLE
   CODE SIZE        =    430    ----
   CONSTANT SIZE    =      4    ----
   XDATA SIZE       =   ----    ----
   PDATA SIZE       =   ----    ----
   DATA SIZE        =      1      14
   IDATA SIZE       =   ----    ----
   BIT SIZE         =   ----       1
END OF MODULE INFORMATION.


C51 COMPILATION COMPLETE.  0 WARNING(S),  0 ERROR(S)
